2025-02-04 01:58:37,490 - INFO - Starting synthetic arbitrage strategy with balance: $100000
2025-02-04 01:58:37,492 - INFO - 
                Arbitrage Entry:
                Time: 2024-10-15 10:58:00+05:30
                Type: A-B
                Short Price: 25108.42
                Long Price: 25050.21
                Size: 0.60
                Potential Profit: 8.05
                
2025-02-04 01:58:37,492 - INFO - 
                Arbitrage Exit:
                Time: 2024-10-15 11:04:00+05:30
                Type: A-B
                PnL: $-28.11
                New Balance: $99971.89
                
2025-02-04 01:58:37,493 - INFO - 
                Arbitrage Entry:
                Time: 2024-10-15 11:25:00+05:30
                Type: B-A
                Short Price: 25069.11
                Long Price: 25016.93
                Size: 0.60
                Potential Profit: 2.09
                
2025-02-04 01:58:37,495 - INFO - 
                Arbitrage Exit:
                Time: 2024-10-15 11:27:00+05:30
                Type: B-A
                PnL: $-6.69
                New Balance: $99965.19
                
2025-02-04 01:58:37,495 - INFO - 
                Arbitrage Entry:
                Time: 2024-10-15 11:41:00+05:30
                Type: B-A
                Short Price: 25079.83
                Long Price: 25026.43
                Size: 0.60
                Potential Profit: 3.29
                
2025-02-04 01:58:37,495 - INFO - 
                Arbitrage Exit:
                Time: 2024-10-15 11:45:00+05:30
                Type: B-A
                PnL: $2.33
                New Balance: $99967.53
                
2025-02-04 01:58:37,496 - INFO - 
                Arbitrage Entry:
                Time: 2024-10-15 11:57:00+05:30
                Type: A-B
                Short Price: 25129.27
                Long Price: 25076.84
                Size: 0.60
                Potential Profit: 2.22
                
2025-02-04 01:58:37,496 - INFO - 
                Arbitrage Exit:
                Time: 2024-10-15 11:58:00+05:30
                Type: A-B
                PnL: $-7.21
                New Balance: $99960.32
                
2025-02-04 01:58:37,497 - INFO - 
                Arbitrage Entry:
                Time: 2024-10-15 12:04:00+05:30
                Type: A-B
                Short Price: 25129.09
                Long Price: 25058.13
                Size: 0.60
                Potential Profit: 20.77
                
2025-02-04 01:58:37,497 - INFO - 
                Arbitrage Exit:
                Time: 2024-10-15 12:05:00+05:30
                Type: A-B
                PnL: $24.41
                New Balance: $99984.73
                
2025-02-04 01:58:37,497 - INFO - 
                Arbitrage Entry:
                Time: 2024-10-15 12:07:00+05:30
                Type: B-A
                Short Price: 25123.95
                Long Price: 25073.27
                Size: 0.60
                Potential Profit: 0.48
                
2025-02-04 01:58:37,497 - INFO - 
                Arbitrage Exit:
                Time: 2024-10-15 12:09:00+05:30
                Type: B-A
                PnL: $1.48
                New Balance: $99986.21
                
2025-02-04 01:58:37,498 - INFO - 
                Arbitrage Entry:
                Time: 2024-10-15 12:12:00+05:30
                Type: A-B
                Short Price: 25080.18
                Long Price: 25024.80
                Size: 0.60
                Potential Profit: 5.27
                
2025-02-04 01:58:37,498 - INFO - 
                Arbitrage Exit:
                Time: 2024-10-15 12:13:00+05:30
                Type: A-B
                PnL: $10.22
                New Balance: $99996.44
                
2025-02-04 01:58:37,500 - INFO - 
                Arbitrage Entry:
                Time: 2024-10-15 12:49:00+05:30
                Type: B-A
                Short Price: 25090.80
                Long Price: 25037.82
                Size: 0.60
                Potential Profit: 2.85
                
2025-02-04 01:58:37,500 - INFO - 
                Arbitrage Exit:
                Time: 2024-10-15 12:52:00+05:30
                Type: B-A
                PnL: $-5.82
                New Balance: $99990.62
                
2025-02-04 01:58:37,501 - INFO - 
                Arbitrage Entry:
                Time: 2024-10-15 12:53:00+05:30
                Type: B-A
                Short Price: 25093.63
                Long Price: 25030.89
                Size: 0.60
                Potential Profit: 12.61
                
2025-02-04 01:58:37,501 - INFO - 
                Arbitrage Exit:
                Time: 2024-10-15 12:54:00+05:30
                Type: B-A
                PnL: $15.28
                New Balance: $100005.89
                
2025-02-04 01:58:37,501 - INFO - 
                Arbitrage Entry:
                Time: 2024-10-15 13:00:00+05:30
                Type: B-A
                Short Price: 25066.90
                Long Price: 24997.13
                Size: 0.60
                Potential Profit: 19.70
                
2025-02-04 01:58:37,501 - INFO - 
                Arbitrage Exit:
                Time: 2024-10-15 13:01:00+05:30
                Type: B-A
                PnL: $20.38
                New Balance: $100026.27
                
2025-02-04 01:58:37,502 - INFO - 
                Arbitrage Entry:
                Time: 2024-10-15 13:08:00+05:30
                Type: A-B
                Short Price: 25027.17
                Long Price: 24970.46
                Size: 0.60
                Potential Profit: 6.71
                
2025-02-04 01:58:37,502 - INFO - 
                Arbitrage Exit:
                Time: 2024-10-15 13:09:00+05:30
                Type: A-B
                PnL: $11.15
                New Balance: $100037.42
                
2025-02-04 01:58:37,504 - INFO - 
                Arbitrage Entry:
                Time: 2024-10-15 13:27:00+05:30
                Type: A-B
                Short Price: 25062.28
                Long Price: 24956.53
                Size: 0.60
                Potential Profit: 55.73
                
2025-02-04 01:58:37,504 - INFO - 
                Arbitrage Exit:
                Time: 2024-10-15 13:28:00+05:30
                Type: A-B
                PnL: $38.39
                New Balance: $100075.81
                
2025-02-04 01:58:37,505 - INFO - 
                Arbitrage Entry:
                Time: 2024-10-15 13:49:00+05:30
                Type: B-A
                Short Price: 25097.47
                Long Price: 25042.16
                Size: 0.60
                Potential Profit: 5.18
                
2025-02-04 01:58:37,505 - INFO - 
                Arbitrage Exit:
                Time: 2024-10-15 13:50:00+05:30
                Type: B-A
                PnL: $2.83
                New Balance: $100078.63
                
2025-02-04 01:58:37,506 - INFO - 
                Arbitrage Entry:
                Time: 2024-10-15 13:57:00+05:30
                Type: B-A
                Short Price: 25088.05
                Long Price: 24998.43
                Size: 0.60
                Potential Profit: 39.53
                
2025-02-04 01:58:37,506 - INFO - 
                Arbitrage Exit:
                Time: 2024-10-15 13:58:00+05:30
                Type: B-A
                PnL: $33.20
                New Balance: $100111.83
                
2025-02-04 01:58:37,507 - INFO - 
                Arbitrage Entry:
                Time: 2024-10-15 14:27:00+05:30
                Type: B-A
                Short Price: 25067.67
                Long Price: 25011.40
                Size: 0.60
                Potential Profit: 6.19
                
2025-02-04 01:58:37,507 - INFO - 
                Arbitrage Exit:
                Time: 2024-10-15 14:29:00+05:30
                Type: B-A
                PnL: $6.74
                New Balance: $100118.57
                
2025-02-04 01:58:37,509 - INFO - 
                Arbitrage Entry:
                Time: 2024-10-15 14:37:00+05:30
                Type: B-A
                Short Price: 25068.86
                Long Price: 25012.16
                Size: 0.60
                Potential Profit: 6.62
                
2025-02-04 01:58:37,509 - INFO - 
                Arbitrage Exit:
                Time: 2024-10-15 14:38:00+05:30
                Type: B-A
                PnL: $6.18
                New Balance: $100124.76
                
2025-02-04 01:58:37,509 - INFO - 
                Arbitrage Entry:
                Time: 2024-10-15 14:49:00+05:30
                Type: A-B
                Short Price: 25072.16
                Long Price: 25015.80
                Size: 0.60
                Potential Profit: 6.27
                
2025-02-04 01:58:37,510 - INFO - 
                Arbitrage Exit:
                Time: 2024-10-15 14:51:00+05:30
                Type: A-B
                PnL: $2.81
                New Balance: $100127.57
                
2025-02-04 01:58:37,510 - INFO - 
                Arbitrage Entry:
                Time: 2024-10-15 15:03:00+05:30
                Type: B-A
                Short Price: 25068.29
                Long Price: 25017.62
                Size: 0.60
                Potential Profit: 0.59
                
2025-02-04 01:58:37,511 - INFO - 
                Arbitrage Exit:
                Time: 2024-10-15 15:04:00+05:30
                Type: B-A
                PnL: $-2.19
                New Balance: $100125.38
                
2025-02-04 01:58:37,511 - INFO - 
                Arbitrage Entry:
                Time: 2024-10-15 15:10:00+05:30
                Type: B-A
                Short Price: 25085.95
                Long Price: 25035.62
                Size: 0.60
                Potential Profit: 0.20
                
2025-02-04 01:58:37,511 - INFO - 
                Arbitrage Exit:
                Time: 2024-10-15 15:11:00+05:30
                Type: B-A
                PnL: $-1.58
                New Balance: $100123.80
                
2025-02-04 01:58:37,512 - INFO - 
                Arbitrage Entry:
                Time: 2024-10-15 15:20:00+05:30
                Type: B-A
                Short Price: 25064.67
                Long Price: 24999.21
                Size: 0.60
                Potential Profit: 15.40
                
2025-02-04 01:58:37,512 - INFO - 
                Arbitrage Exit:
                Time: 2024-10-15 15:26:00+05:30
                Type: B-A
                PnL: $-44.19
                New Balance: $100079.61
                
2025-02-04 01:58:37,512 - INFO - 
    Final Results:
    Initial Balance: $100,000.00
    Final Balance: $100,079.61
    Total Profit/Loss: $79.61
    Return: 0.08%
    Total Trades: 20
    Win Rate: 65.00%
    Max Drawdown: $39.68
    
