2025-01-13 23:57:05,921 - Trade Summary:
Initial Balance: 100000.00
Final Balance: 100000.00
Total Trades: 0
Winning Trades: 0
Losing Trades: 0
Win Rate: 0.00%


2025-01-13 23:57:13,515 - Trade Summary:
Initial Balance: 100000.00
Final Balance: 100000.00
Total Trades: 0
Winning Trades: 0
Losing Trades: 0
Win Rate: 0.00%


2025-01-14 23:56:06,907 - Trade Summary:
Initial Balance: 100000.00
Final Balance: 100000.00
Total Trades: 0
Winning Trades: 0
Losing Trades: 0
Win Rate: 0.00%


2025-02-06 12:58:19,622 - Trade Summary:
Initial Balance: 100000.00
Final Balance: 100000.00
Total Trades: 0
Winning Trades: 0
Losing Trades: 0
Win Rate: 0.00%


