2025-01-15 17:40:13,112 - INFO - CSV file read successfully. Total records: 300
2025-01-15 17:40:13,112 - DEBUG - Trade Signal: Buy | Time: 2024-10-15T10:32:00+05:30 | Price: 25024.75 | RSI: 30.28
2025-01-15 17:40:13,112 - DEBUG - Trade Signal: Buy | Time: 2024-10-15T10:33:00+05:30 | Price: 25040.45 | RSI: 41.26
2025-01-15 17:40:13,112 - DEBUG - Trade Signal: Buy | Time: 2024-10-15T10:34:00+05:30 | Price: 25044.40 | RSI: 43.66
2025-01-15 17:40:13,112 - DEBUG - Trade Signal: Buy | Time: 2024-10-15T10:35:00+05:30 | Price: 25047.80 | VWAP: 25134.91
2025-01-15 17:40:13,112 - DEBUG - Trade Signal: Buy | Time: 2024-10-15T10:36:00+05:30 | Price: 25060.90 | VWAP: 25134.37
2025-01-15 17:40:13,112 - DEBUG - Trade Signal: Buy | Time: 2024-10-15T10:37:00+05:30 | Price: 25062.15 | VWAP: 25133.71
2025-01-15 17:40:13,113 - DEBUG - Trade Signal: Sell | Time: 2024-10-15T10:38:00+05:30 | Price: 25070.85 | RSI: 57.72
2025-01-15 17:40:13,113 - DEBUG - Trade Signal: Sell | Time: 2024-10-15T10:39:00+05:30 | Price: 25081.30 | RSI: 62.17
2025-01-15 17:40:13,113 - DEBUG - Trade Signal: Sell | Time: 2024-10-15T10:40:00+05:30 | Price: 25079.30 | RSI: 60.85
2025-01-15 17:40:13,113 - DEBUG - Trade Signal: Sell | Time: 2024-10-15T10:41:00+05:30 | Price: 25079.10 | RSI: 60.71
2025-01-15 17:40:13,113 - DEBUG - Trade Signal: Sell | Time: 2024-10-15T10:42:00+05:30 | Price: 25086.10 | RSI: 63.82
2025-01-15 17:40:13,113 - DEBUG - Trade Signal: Sell | Time: 2024-10-15T10:43:00+05:30 | Price: 25094.05 | RSI: 67.02
2025-01-15 17:40:13,113 - DEBUG - Trade Signal: Sell | Time: 2024-10-15T10:44:00+05:30 | Price: 25089.25 | RSI: 63.38
2025-01-15 17:40:13,113 - DEBUG - Trade Signal: Sell | Time: 2024-10-15T10:45:00+05:30 | Price: 25094.95 | RSI: 65.76
2025-01-15 17:40:13,113 - DEBUG - Trade Signal: Sell | Time: 2024-10-15T10:46:00+05:30 | Price: 25086.65 | RSI: 59.68
2025-01-15 17:40:13,113 - DEBUG - Trade Signal: Sell | Time: 2024-10-15T10:47:00+05:30 | Price: 25090.55 | RSI: 61.48
2025-01-15 17:40:13,113 - DEBUG - Trade Signal: Sell | Time: 2024-10-15T10:48:00+05:30 | Price: 25085.05 | RSI: 57.58
2025-01-15 17:40:13,113 - DEBUG - Trade Signal: Buy | Time: 2024-10-15T10:49:00+05:30 | Price: 25077.90 | VWAP: 25129.80
2025-01-15 17:40:13,113 - DEBUG - Trade Signal: Buy | Time: 2024-10-15T10:50:00+05:30 | Price: 25076.80 | VWAP: 25129.43
2025-01-15 17:40:13,114 - DEBUG - Trade Signal: Sell | Time: 2024-10-15T10:51:00+05:30 | Price: 25084.75 | RSI: 56.67
2025-01-15 17:40:13,114 - DEBUG - Trade Signal: Sell | Time: 2024-10-15T10:52:00+05:30 | Price: 25091.70 | RSI: 60.20
2025-01-15 17:40:13,114 - DEBUG - Trade Signal: Sell | Time: 2024-10-15T10:53:00+05:30 | Price: 25088.65 | RSI: 57.97
2025-01-15 17:40:13,114 - DEBUG - Trade Signal: Sell | Time: 2024-10-15T10:54:00+05:30 | Price: 25095.95 | RSI: 61.63
2025-01-15 17:40:13,114 - DEBUG - Trade Signal: Buy | Time: 2024-10-15T10:55:00+05:30 | Price: 25071.50 | VWAP: 25127.91
2025-01-15 17:40:13,114 - DEBUG - Trade Signal: Buy | Time: 2024-10-15T10:56:00+05:30 | Price: 25081.10 | VWAP: 25127.62
2025-01-15 17:40:13,114 - DEBUG - Trade Signal: Buy | Time: 2024-10-15T10:57:00+05:30 | Price: 25076.00 | VWAP: 25127.38
2025-01-15 17:40:13,114 - DEBUG - Trade Signal: Buy | Time: 2024-10-15T10:58:00+05:30 | Price: 25077.10 | VWAP: 25127.01
2025-01-15 17:40:13,114 - DEBUG - Trade Signal: Buy | Time: 2024-10-15T10:59:00+05:30 | Price: 25078.25 | VWAP: 25126.78
2025-01-15 17:40:13,114 - DEBUG - Trade Signal: Buy | Time: 2024-10-15T11:00:00+05:30 | Price: 25076.50 | VWAP: 25126.57
2025-01-15 17:40:13,114 - DEBUG - Trade Signal: Buy | Time: 2024-10-15T11:01:00+05:30 | Price: 25076.85 | VWAP: 25126.30
2025-01-15 17:40:13,114 - DEBUG - Trade Signal: Buy | Time: 2024-10-15T11:02:00+05:30 | Price: 25069.75 | VWAP: 25126.01
2025-01-15 17:40:13,115 - DEBUG - Trade Signal: Buy | Time: 2024-10-15T11:03:00+05:30 | Price: 25071.35 | VWAP: 25125.74
2025-01-15 17:40:13,115 - DEBUG - Trade Signal: Buy | Time: 2024-10-15T11:04:00+05:30 | Price: 25069.15 | VWAP: 25125.42
2025-01-15 17:40:13,115 - DEBUG - Trade Signal: Buy | Time: 2024-10-15T11:05:00+05:30 | Price: 25066.75 | RSI: 43.49
2025-01-15 17:40:13,115 - DEBUG - Trade Signal: Buy | Time: 2024-10-15T11:06:00+05:30 | Price: 25068.90 | VWAP: 25124.93
2025-01-15 17:40:13,115 - DEBUG - Trade Signal: Buy | Time: 2024-10-15T11:07:00+05:30 | Price: 25071.55 | VWAP: 25124.67
2025-01-15 17:40:13,115 - DEBUG - Trade Signal: Buy | Time: 2024-10-15T11:08:00+05:30 | Price: 25073.55 | VWAP: 25124.44
2025-01-15 17:40:13,115 - DEBUG - Trade Signal: Buy | Time: 2024-10-15T11:09:00+05:30 | Price: 25070.75 | VWAP: 25124.29
2025-01-15 17:40:13,115 - DEBUG - Trade Signal: Buy | Time: 2024-10-15T11:10:00+05:30 | Price: 25067.25 | RSI: 44.19
2025-01-15 17:40:13,115 - DEBUG - Trade Signal: Buy | Time: 2024-10-15T11:11:00+05:30 | Price: 25064.50 | RSI: 42.12
2025-01-15 17:40:13,115 - DEBUG - Trade Signal: Buy | Time: 2024-10-15T11:12:00+05:30 | Price: 25066.75 | RSI: 44.41
2025-01-15 17:40:13,115 - DEBUG - Trade Signal: Buy | Time: 2024-10-15T11:13:00+05:30 | Price: 25065.60 | RSI: 43.47
2025-01-15 17:40:13,116 - DEBUG - Trade Signal: Buy | Time: 2024-10-15T11:14:00+05:30 | Price: 25072.50 | VWAP: 25123.27
2025-01-15 17:40:13,116 - DEBUG - Trade Signal: Buy | Time: 2024-10-15T11:15:00+05:30 | Price: 25066.15 | RSI: 44.92
2025-01-15 17:40:13,116 - DEBUG - Trade Signal: Buy | Time: 2024-10-15T11:16:00+05:30 | Price: 25064.25 | RSI: 43.42
2025-01-15 17:40:13,116 - DEBUG - Trade Signal: Buy | Time: 2024-10-15T11:17:00+05:30 | Price: 25062.60 | RSI: 42.11
2025-01-15 17:40:13,116 - DEBUG - Trade Signal: Buy | Time: 2024-10-15T11:18:00+05:30 | Price: 25064.80 | RSI: 44.52
2025-01-15 17:40:13,116 - DEBUG - Trade Signal: Buy | Time: 2024-10-15T11:19:00+05:30 | Price: 25067.20 | VWAP: 25121.98
2025-01-15 17:40:13,116 - DEBUG - Trade Signal: Buy | Time: 2024-10-15T11:20:00+05:30 | Price: 25073.20 | VWAP: 25121.74
2025-01-15 17:40:13,116 - DEBUG - Trade Signal: Buy | Time: 2024-10-15T11:21:00+05:30 | Price: 25066.95 | VWAP: 25121.54
2025-01-15 17:40:13,116 - DEBUG - Trade Signal: Buy | Time: 2024-10-15T11:22:00+05:30 | Price: 25067.95 | VWAP: 25121.34
2025-01-15 17:40:13,116 - DEBUG - Trade Signal: Buy | Time: 2024-10-15T11:23:00+05:30 | Price: 25060.05 | RSI: 41.47
2025-01-15 17:40:13,116 - DEBUG - Trade Signal: Buy | Time: 2024-10-15T11:24:00+05:30 | Price: 25053.45 | RSI: 36.90
2025-01-15 17:40:13,117 - DEBUG - Trade Signal: Buy | Time: 2024-10-15T11:25:00+05:30 | Price: 25047.90 | RSI: 33.54
2025-01-15 17:40:13,117 - DEBUG - Trade Signal: Buy | Time: 2024-10-15T11:26:00+05:30 | Price: 25053.25 | RSI: 39.27
2025-01-15 17:40:13,117 - DEBUG - Trade Signal: Buy | Time: 2024-10-15T11:27:00+05:30 | Price: 25056.80 | RSI: 42.79
2025-01-15 17:40:13,117 - DEBUG - Trade Signal: Buy | Time: 2024-10-15T11:28:00+05:30 | Price: 25046.10 | RSI: 36.01
2025-01-15 17:40:13,117 - DEBUG - Trade Signal: Buy | Time: 2024-10-15T11:29:00+05:30 | Price: 25048.75 | RSI: 38.61
2025-01-15 17:40:13,117 - DEBUG - Trade Signal: Buy | Time: 2024-10-15T11:30:00+05:30 | Price: 25048.70 | RSI: 38.58
2025-01-15 17:40:13,117 - DEBUG - Trade Signal: Buy | Time: 2024-10-15T11:31:00+05:30 | Price: 25054.25 | RSI: 44.08
2025-01-15 17:40:13,117 - DEBUG - Trade Signal: Buy | Time: 2024-10-15T11:32:00+05:30 | Price: 25056.15 | VWAP: 25118.52
2025-01-15 17:40:13,117 - DEBUG - Trade Signal: Buy | Time: 2024-10-15T11:33:00+05:30 | Price: 25052.40 | RSI: 42.95
2025-01-15 17:40:13,117 - DEBUG - Trade Signal: Buy | Time: 2024-10-15T11:34:00+05:30 | Price: 25058.60 | VWAP: 25117.96
2025-01-15 17:40:13,117 - DEBUG - Trade Signal: Buy | Time: 2024-10-15T11:35:00+05:30 | Price: 25057.50 | VWAP: 25117.75
2025-01-15 17:40:13,117 - DEBUG - Trade Signal: Buy | Time: 2024-10-15T11:36:00+05:30 | Price: 25050.95 | RSI: 42.61
2025-01-15 17:40:13,117 - DEBUG - Trade Signal: Buy | Time: 2024-10-15T11:37:00+05:30 | Price: 25047.45 | RSI: 40.10
2025-01-15 17:40:13,118 - DEBUG - Trade Signal: Buy | Time: 2024-10-15T11:38:00+05:30 | Price: 25052.10 | RSI: 44.76
2025-01-15 17:40:13,118 - DEBUG - Trade Signal: Buy | Time: 2024-10-15T11:39:00+05:30 | Price: 25054.35 | VWAP: 25116.42
2025-01-15 17:40:13,118 - DEBUG - Trade Signal: Buy | Time: 2024-10-15T11:40:00+05:30 | Price: 25049.60 | RSI: 43.10
2025-01-15 17:40:13,118 - DEBUG - Trade Signal: Buy | Time: 2024-10-15T11:41:00+05:30 | Price: 25041.15 | RSI: 37.28
2025-01-15 17:40:13,118 - DEBUG - Trade Signal: Buy | Time: 2024-10-15T11:42:00+05:30 | Price: 25043.65 | RSI: 39.87
2025-01-15 17:40:13,118 - DEBUG - Trade Signal: Buy | Time: 2024-10-15T11:43:00+05:30 | Price: 25046.35 | RSI: 42.62
2025-01-15 17:40:13,118 - DEBUG - Trade Signal: Buy | Time: 2024-10-15T11:44:00+05:30 | Price: 25056.50 | VWAP: 25114.90
2025-01-15 17:40:13,118 - DEBUG - Trade Signal: Buy | Time: 2024-10-15T11:45:00+05:30 | Price: 25047.85 | VWAP: 25114.70
2025-01-15 17:40:13,118 - DEBUG - Trade Signal: Buy | Time: 2024-10-15T11:46:00+05:30 | Price: 25048.25 | VWAP: 25114.40
2025-01-15 17:40:13,118 - DEBUG - Trade Signal: Buy | Time: 2024-10-15T11:47:00+05:30 | Price: 25053.25 | VWAP: 25114.19
2025-01-15 17:40:13,118 - DEBUG - Trade Signal: Buy | Time: 2024-10-15T11:48:00+05:30 | Price: 25051.45 | VWAP: 25113.94
2025-01-15 17:40:13,118 - DEBUG - Trade Signal: Sell | Time: 2024-10-15T11:49:00+05:30 | Price: 25060.15 | RSI: 55.02
2025-01-15 17:40:13,118 - DEBUG - Trade Signal: Buy | Time: 2024-10-15T11:50:00+05:30 | Price: 25059.70 | VWAP: 25113.54
2025-01-15 17:40:13,118 - DEBUG - Trade Signal: Sell | Time: 2024-10-15T11:51:00+05:30 | Price: 25060.70 | RSI: 55.39
2025-01-15 17:40:13,119 - DEBUG - Trade Signal: Sell | Time: 2024-10-15T11:52:00+05:30 | Price: 25067.50 | RSI: 60.35
2025-01-15 17:40:13,119 - DEBUG - Trade Signal: Sell | Time: 2024-10-15T11:53:00+05:30 | Price: 25068.80 | RSI: 61.24
2025-01-15 17:40:13,119 - DEBUG - Trade Signal: Sell | Time: 2024-10-15T11:54:00+05:30 | Price: 25068.55 | RSI: 60.96
2025-01-15 17:40:13,119 - DEBUG - Trade Signal: Sell | Time: 2024-10-15T11:55:00+05:30 | Price: 25067.95 | RSI: 60.24
2025-01-15 17:40:13,119 - DEBUG - Trade Signal: Sell | Time: 2024-10-15T11:56:00+05:30 | Price: 25071.75 | RSI: 63.20
2025-01-15 17:40:13,119 - DEBUG - Trade Signal: Sell | Time: 2024-10-15T11:57:00+05:30 | Price: 25078.30 | RSI: 67.66
2025-01-15 17:40:13,119 - DEBUG - Trade Signal: Sell | Time: 2024-10-15T11:58:00+05:30 | Price: 25084.20 | RSI: 71.06
2025-01-15 17:40:13,119 - DEBUG - Trade Signal: Sell | Time: 2024-10-15T11:59:00+05:30 | Price: 25083.10 | RSI: 69.59
2025-01-15 17:40:13,119 - DEBUG - Trade Signal: Sell | Time: 2024-10-15T12:00:00+05:30 | Price: 25078.55 | RSI: 63.72
2025-01-15 17:40:13,119 - DEBUG - Trade Signal: Sell | Time: 2024-10-15T12:01:00+05:30 | Price: 25078.35 | RSI: 63.46
2025-01-15 17:40:13,119 - DEBUG - Trade Signal: Sell | Time: 2024-10-15T12:02:00+05:30 | Price: 25087.15 | RSI: 69.26
2025-01-15 17:40:13,119 - DEBUG - Trade Signal: Sell | Time: 2024-10-15T12:03:00+05:30 | Price: 25088.30 | RSI: 69.93
2025-01-15 17:40:13,119 - DEBUG - Trade Signal: Sell | Time: 2024-10-15T12:04:00+05:30 | Price: 25085.80 | RSI: 66.53
2025-01-15 17:40:13,119 - DEBUG - Trade Signal: Sell | Time: 2024-10-15T12:05:00+05:30 | Price: 25076.25 | RSI: 55.44
2025-01-15 17:40:13,120 - DEBUG - Trade Signal: Sell | Time: 2024-10-15T12:06:00+05:30 | Price: 25077.30 | RSI: 56.30
2025-01-15 17:40:13,120 - DEBUG - Trade Signal: Sell | Time: 2024-10-15T12:07:00+05:30 | Price: 25078.35 | RSI: 57.19
2025-01-15 17:40:13,120 - DEBUG - Trade Signal: Buy | Time: 2024-10-15T12:08:00+05:30 | Price: 25075.00 | VWAP: 25110.99
2025-01-15 17:40:13,120 - DEBUG - Trade Signal: Buy | Time: 2024-10-15T12:09:00+05:30 | Price: 25071.90 | VWAP: 25110.87
2025-01-15 17:40:13,120 - DEBUG - Trade Signal: Buy | Time: 2024-10-15T12:10:00+05:30 | Price: 25072.80 | VWAP: 25110.77
2025-01-15 17:40:13,120 - DEBUG - Trade Signal: Buy | Time: 2024-10-15T12:11:00+05:30 | Price: 25071.40 | VWAP: 25110.59
2025-01-15 17:40:13,120 - DEBUG - Trade Signal: Buy | Time: 2024-10-15T12:12:00+05:30 | Price: 25065.80 | RSI: 43.77
2025-01-15 17:40:13,120 - DEBUG - Trade Signal: Buy | Time: 2024-10-15T12:13:00+05:30 | Price: 25066.30 | RSI: 44.40
2025-01-15 17:40:13,120 - DEBUG - Trade Signal: Buy | Time: 2024-10-15T12:14:00+05:30 | Price: 25072.15 | VWAP: 25110.06
2025-01-15 17:40:13,120 - DEBUG - Trade Signal: Buy | Time: 2024-10-15T12:15:00+05:30 | Price: 25068.35 | VWAP: 25109.84
2025-01-15 17:40:13,120 - DEBUG - Trade Signal: Buy | Time: 2024-10-15T12:16:00+05:30 | Price: 25068.50 | VWAP: 25109.72
2025-01-15 17:40:13,120 - DEBUG - Trade Signal: Buy | Time: 2024-10-15T12:17:00+05:30 | Price: 25063.55 | RSI: 42.32
2025-01-15 17:40:13,120 - DEBUG - Trade Signal: Buy | Time: 2024-10-15T12:18:00+05:30 | Price: 25059.65 | RSI: 38.82
2025-01-15 17:40:13,121 - DEBUG - Trade Signal: Buy | Time: 2024-10-15T12:19:00+05:30 | Price: 25063.30 | RSI: 43.52
2025-01-15 17:40:13,121 - DEBUG - Trade Signal: Buy | Time: 2024-10-15T12:20:00+05:30 | Price: 25062.90 | RSI: 43.13
2025-01-15 17:40:13,121 - DEBUG - Trade Signal: Buy | Time: 2024-10-15T12:21:00+05:30 | Price: 25068.00 | VWAP: 25108.86
2025-01-15 17:40:13,121 - DEBUG - Trade Signal: Buy | Time: 2024-10-15T12:22:00+05:30 | Price: 25061.60 | RSI: 43.00
2025-01-15 17:40:13,121 - DEBUG - Trade Signal: Buy | Time: 2024-10-15T12:23:00+05:30 | Price: 25065.95 | VWAP: 25108.55
2025-01-15 17:40:13,121 - DEBUG - Trade Signal: Buy | Time: 2024-10-15T12:24:00+05:30 | Price: 25067.25 | VWAP: 25108.40
2025-01-15 17:40:13,121 - DEBUG - Trade Signal: Buy | Time: 2024-10-15T12:25:00+05:30 | Price: 25060.45 | RSI: 42.81
2025-01-15 17:40:13,121 - DEBUG - Trade Signal: Buy | Time: 2024-10-15T12:26:00+05:30 | Price: 25066.65 | VWAP: 25107.91
2025-01-15 17:40:13,121 - DEBUG - Trade Signal: Buy | Time: 2024-10-15T12:27:00+05:30 | Price: 25068.10 | VWAP: 25107.75
2025-01-15 17:40:13,121 - DEBUG - Trade Signal: Buy | Time: 2024-10-15T12:28:00+05:30 | Price: 25064.05 | VWAP: 25107.58
2025-01-15 17:40:13,121 - DEBUG - Trade Signal: Buy | Time: 2024-10-15T12:29:00+05:30 | Price: 25058.10 | RSI: 41.69
2025-01-15 17:40:13,121 - DEBUG - Trade Signal: Buy | Time: 2024-10-15T12:30:00+05:30 | Price: 25061.05 | RSI: 44.92
2025-01-15 17:40:13,121 - DEBUG - Trade Signal: Buy | Time: 2024-10-15T12:31:00+05:30 | Price: 25060.25 | RSI: 44.21
2025-01-15 17:40:13,122 - DEBUG - Trade Signal: Buy | Time: 2024-10-15T12:32:00+05:30 | Price: 25061.85 | VWAP: 25106.87
2025-01-15 17:40:13,122 - DEBUG - Trade Signal: Buy | Time: 2024-10-15T12:33:00+05:30 | Price: 25063.95 | VWAP: 25106.75
2025-01-15 17:40:13,122 - DEBUG - Trade Signal: Buy | Time: 2024-10-15T12:34:00+05:30 | Price: 25069.65 | VWAP: 25106.61
2025-01-15 17:40:13,122 - DEBUG - Trade Signal: Buy | Time: 2024-10-15T12:35:00+05:30 | Price: 25069.85 | VWAP: 25106.52
2025-01-15 17:40:13,122 - DEBUG - Trade Signal: Buy | Time: 2024-10-15T12:36:00+05:30 | Price: 25065.75 | VWAP: 25106.39
2025-01-15 17:40:13,122 - DEBUG - Trade Signal: Buy | Time: 2024-10-15T12:37:00+05:30 | Price: 25062.85 | VWAP: 25106.20
2025-01-15 17:40:13,122 - DEBUG - Trade Signal: Buy | Time: 2024-10-15T12:38:00+05:30 | Price: 25070.25 | VWAP: 25106.09
2025-01-15 17:40:13,122 - DEBUG - Trade Signal: Buy | Time: 2024-10-15T12:39:00+05:30 | Price: 25065.70 | VWAP: 25105.96
2025-01-15 17:40:13,122 - DEBUG - Trade Signal: Buy | Time: 2024-10-15T12:40:00+05:30 | Price: 25066.50 | VWAP: 25105.85
2025-01-15 17:40:13,122 - DEBUG - Trade Signal: Buy | Time: 2024-10-15T12:41:00+05:30 | Price: 25062.25 | VWAP: 25105.76
2025-01-15 17:40:13,122 - DEBUG - Trade Signal: Buy | Time: 2024-10-15T12:42:00+05:30 | Price: 25069.85 | VWAP: 25105.67
2025-01-15 17:40:13,122 - DEBUG - Trade Signal: Buy | Time: 2024-10-15T12:43:00+05:30 | Price: 25065.05 | VWAP: 25105.57
2025-01-15 17:40:13,123 - DEBUG - Trade Signal: Buy | Time: 2024-10-15T12:44:00+05:30 | Price: 25068.55 | VWAP: 25105.45
2025-01-15 17:40:13,123 - DEBUG - Trade Signal: Sell | Time: 2024-10-15T12:45:00+05:30 | Price: 25072.00 | RSI: 55.46
2025-01-15 17:40:13,123 - DEBUG - Trade Signal: Sell | Time: 2024-10-15T12:46:00+05:30 | Price: 25076.40 | RSI: 59.08
2025-01-15 17:40:13,123 - DEBUG - Trade Signal: Sell | Time: 2024-10-15T12:47:00+05:30 | Price: 25076.15 | RSI: 58.79
2025-01-15 17:40:13,123 - DEBUG - Trade Signal: Sell | Time: 2024-10-15T12:48:00+05:30 | Price: 25076.40 | RSI: 59.01
2025-01-15 17:40:13,123 - DEBUG - Trade Signal: Sell | Time: 2024-10-15T12:49:00+05:30 | Price: 25075.15 | RSI: 57.37
2025-01-15 17:40:13,123 - DEBUG - Trade Signal: Buy | Time: 2024-10-15T12:50:00+05:30 | Price: 25068.05 | VWAP: 25104.87
2025-01-15 17:40:13,123 - DEBUG - Trade Signal: Buy | Time: 2024-10-15T12:51:00+05:30 | Price: 25069.45 | VWAP: 25104.76
2025-01-15 17:40:13,123 - DEBUG - Trade Signal: Buy | Time: 2024-10-15T12:52:00+05:30 | Price: 25069.15 | VWAP: 25104.67
2025-01-15 17:40:13,123 - DEBUG - Trade Signal: Buy | Time: 2024-10-15T12:53:00+05:30 | Price: 25066.10 | VWAP: 25104.54
2025-01-15 17:40:13,123 - DEBUG - Trade Signal: Buy | Time: 2024-10-15T12:54:00+05:30 | Price: 25070.05 | VWAP: 25104.42
2025-01-15 17:40:13,123 - DEBUG - Trade Signal: Buy | Time: 2024-10-15T12:55:00+05:30 | Price: 25068.00 | VWAP: 25104.33
2025-01-15 17:40:13,124 - DEBUG - Trade Signal: Buy | Time: 2024-10-15T12:56:00+05:30 | Price: 25064.95 | VWAP: 25104.23
2025-01-15 17:40:13,124 - DEBUG - Trade Signal: Buy | Time: 2024-10-15T12:57:00+05:30 | Price: 25056.60 | RSI: 37.74
2025-01-15 17:40:13,124 - DEBUG - Trade Signal: Buy | Time: 2024-10-15T12:58:00+05:30 | Price: 25059.60 | RSI: 41.62
2025-01-15 17:40:13,124 - DEBUG - Trade Signal: Buy | Time: 2024-10-15T12:59:00+05:30 | Price: 25058.80 | RSI: 40.89
2025-01-15 17:40:13,124 - DEBUG - Trade Signal: Buy | Time: 2024-10-15T13:00:00+05:30 | Price: 25046.70 | RSI: 31.78
2025-01-15 17:40:13,124 - DEBUG - Trade Signal: Buy | Time: 2024-10-15T13:01:00+05:30 | Price: 25052.05 | RSI: 38.32
2025-01-15 17:40:13,124 - DEBUG - Trade Signal: Buy | Time: 2024-10-15T13:02:00+05:30 | Price: 25028.95 | RSI: 26.51
2025-01-15 17:40:13,124 - DEBUG - Trade Signal: Buy | Time: 2024-10-15T13:03:00+05:30 | Price: 25031.80 | RSI: 29.40
2025-01-15 17:40:13,124 - DEBUG - Trade Signal: Buy | Time: 2024-10-15T13:04:00+05:30 | Price: 25033.15 | RSI: 30.79
2025-01-15 17:40:13,124 - DEBUG - Trade Signal: Buy | Time: 2024-10-15T13:05:00+05:30 | Price: 25012.60 | RSI: 23.28
2025-01-15 17:40:13,124 - DEBUG - Trade Signal: Buy | Time: 2024-10-15T13:06:00+05:30 | Price: 25024.35 | RSI: 33.30
2025-01-15 17:40:13,124 - DEBUG - Trade Signal: Buy | Time: 2024-10-15T13:07:00+05:30 | Price: 25020.70 | RSI: 31.90
2025-01-15 17:40:13,124 - DEBUG - Trade Signal: Buy | Time: 2024-10-15T13:08:00+05:30 | Price: 25018.50 | RSI: 31.06
2025-01-15 17:40:13,125 - DEBUG - Trade Signal: Buy | Time: 2024-10-15T13:09:00+05:30 | Price: 25019.45 | RSI: 31.90
2025-01-15 17:40:13,125 - DEBUG - Trade Signal: Buy | Time: 2024-10-15T13:10:00+05:30 | Price: 25021.30 | RSI: 33.59
2025-01-15 17:40:13,125 - DEBUG - Trade Signal: Buy | Time: 2024-10-15T13:11:00+05:30 | Price: 25019.70 | RSI: 32.83
2025-01-15 17:40:13,125 - DEBUG - Trade Signal: Buy | Time: 2024-10-15T13:12:00+05:30 | Price: 25028.40 | RSI: 40.69
2025-01-15 17:40:13,125 - DEBUG - Trade Signal: Buy | Time: 2024-10-15T13:13:00+05:30 | Price: 25030.00 | RSI: 42.03
2025-01-15 17:40:13,125 - DEBUG - Trade Signal: Buy | Time: 2024-10-15T13:14:00+05:30 | Price: 25025.35 | RSI: 39.25
2025-01-15 17:40:13,125 - DEBUG - Trade Signal: Buy | Time: 2024-10-15T13:15:00+05:30 | Price: 25031.85 | RSI: 44.75
2025-01-15 17:40:13,125 - DEBUG - Trade Signal: Buy | Time: 2024-10-15T13:16:00+05:30 | Price: 25036.35 | VWAP: 25099.08
2025-01-15 17:40:13,125 - DEBUG - Trade Signal: Buy | Time: 2024-10-15T13:17:00+05:30 | Price: 25032.30 | VWAP: 25098.92
2025-01-15 17:40:13,125 - DEBUG - Trade Signal: Buy | Time: 2024-10-15T13:18:00+05:30 | Price: 25025.95 | RSI: 41.42
2025-01-15 17:40:13,125 - DEBUG - Trade Signal: Buy | Time: 2024-10-15T13:19:00+05:30 | Price: 25026.30 | RSI: 41.73
2025-01-15 17:40:13,125 - DEBUG - Trade Signal: Buy | Time: 2024-10-15T13:20:00+05:30 | Price: 25027.50 | RSI: 42.83
2025-01-15 17:40:13,125 - DEBUG - Trade Signal: Buy | Time: 2024-10-15T13:21:00+05:30 | Price: 25026.30 | RSI: 41.97
2025-01-15 17:40:13,126 - DEBUG - Trade Signal: Buy | Time: 2024-10-15T13:22:00+05:30 | Price: 25031.05 | VWAP: 25097.79
2025-01-15 17:40:13,126 - DEBUG - Trade Signal: Buy | Time: 2024-10-15T13:23:00+05:30 | Price: 25039.60 | VWAP: 25097.61
2025-01-15 17:40:13,126 - DEBUG - Trade Signal: Sell | Time: 2024-10-15T13:24:00+05:30 | Price: 25043.80 | RSI: 56.67
2025-01-15 17:40:13,126 - DEBUG - Trade Signal: Buy | Time: 2024-10-15T13:25:00+05:30 | Price: 25038.20 | VWAP: 25097.33
2025-01-15 17:40:13,126 - DEBUG - Trade Signal: Buy | Time: 2024-10-15T13:26:00+05:30 | Price: 25042.10 | VWAP: 25097.22
2025-01-15 17:40:13,126 - DEBUG - Trade Signal: Buy | Time: 2024-10-15T13:27:00+05:30 | Price: 25038.40 | VWAP: 25097.04
2025-01-15 17:40:13,126 - DEBUG - Trade Signal: Buy | Time: 2024-10-15T13:28:00+05:30 | Price: 25037.45 | VWAP: 25096.86
2025-01-15 17:40:13,126 - DEBUG - Trade Signal: Buy | Time: 2024-10-15T13:29:00+05:30 | Price: 25039.15 | VWAP: 25096.72
2025-01-15 17:40:13,126 - DEBUG - Trade Signal: Sell | Time: 2024-10-15T13:30:00+05:30 | Price: 25045.25 | RSI: 57.09
2025-01-15 17:40:13,126 - DEBUG - Trade Signal: Sell | Time: 2024-10-15T13:31:00+05:30 | Price: 25050.85 | RSI: 61.05
2025-01-15 17:40:13,126 - DEBUG - Trade Signal: Sell | Time: 2024-10-15T13:32:00+05:30 | Price: 25051.15 | RSI: 61.25
2025-01-15 17:40:13,126 - DEBUG - Trade Signal: Buy | Time: 2024-10-15T13:33:00+05:30 | Price: 25042.40 | VWAP: 25096.27
2025-01-15 17:40:13,126 - DEBUG - Trade Signal: Buy | Time: 2024-10-15T13:34:00+05:30 | Price: 25043.70 | VWAP: 25096.11
2025-01-15 17:40:13,126 - DEBUG - Trade Signal: Sell | Time: 2024-10-15T13:35:00+05:30 | Price: 25046.20 | RSI: 55.63
2025-01-15 17:40:13,127 - DEBUG - Trade Signal: Sell | Time: 2024-10-15T13:36:00+05:30 | Price: 25054.25 | RSI: 61.52
2025-01-15 17:40:13,127 - DEBUG - Trade Signal: Sell | Time: 2024-10-15T13:37:00+05:30 | Price: 25052.85 | RSI: 60.03
2025-01-15 17:40:13,127 - DEBUG - Trade Signal: Sell | Time: 2024-10-15T13:38:00+05:30 | Price: 25056.65 | RSI: 62.67
2025-01-15 17:40:13,127 - DEBUG - Trade Signal: Sell | Time: 2024-10-15T13:39:00+05:30 | Price: 25060.15 | RSI: 64.98
2025-01-15 17:40:13,127 - DEBUG - Trade Signal: Sell | Time: 2024-10-15T13:40:00+05:30 | Price: 25062.15 | RSI: 66.26
2025-01-15 17:40:13,127 - DEBUG - Trade Signal: Sell | Time: 2024-10-15T13:41:00+05:30 | Price: 25059.90 | RSI: 63.45
2025-01-15 17:40:13,127 - DEBUG - Trade Signal: Sell | Time: 2024-10-15T13:42:00+05:30 | Price: 25055.10 | RSI: 57.81
2025-01-15 17:40:13,127 - DEBUG - Trade Signal: Sell | Time: 2024-10-15T13:43:00+05:30 | Price: 25061.45 | RSI: 62.55
2025-01-15 17:40:13,127 - DEBUG - Trade Signal: Sell | Time: 2024-10-15T13:44:00+05:30 | Price: 25064.05 | RSI: 64.32
2025-01-15 17:40:13,127 - DEBUG - Trade Signal: Sell | Time: 2024-10-15T13:45:00+05:30 | Price: 25062.30 | RSI: 62.19
2025-01-15 17:40:13,127 - DEBUG - Trade Signal: Sell | Time: 2024-10-15T13:46:00+05:30 | Price: 25069.30 | RSI: 66.90
2025-01-15 17:40:13,127 - DEBUG - Trade Signal: Sell | Time: 2024-10-15T13:47:00+05:30 | Price: 25065.15 | RSI: 61.97
2025-01-15 17:40:13,127 - DEBUG - Trade Signal: Buy | Time: 2024-10-15T13:48:00+05:30 | Price: 25057.90 | VWAP: 25094.53
2025-01-15 17:40:13,127 - DEBUG - Trade Signal: Buy | Time: 2024-10-15T13:49:00+05:30 | Price: 25055.70 | VWAP: 25094.41
2025-01-15 17:40:13,128 - DEBUG - Trade Signal: Buy | Time: 2024-10-15T13:50:00+05:30 | Price: 25050.35 | VWAP: 25094.28
2025-01-15 17:40:13,128 - DEBUG - Trade Signal: Buy | Time: 2024-10-15T13:51:00+05:30 | Price: 25053.55 | VWAP: 25094.17
2025-01-15 17:40:13,128 - DEBUG - Trade Signal: Buy | Time: 2024-10-15T13:52:00+05:30 | Price: 25052.60 | VWAP: 25094.08
2025-01-15 17:40:13,128 - DEBUG - Trade Signal: Buy | Time: 2024-10-15T13:53:00+05:30 | Price: 25043.90 | RSI: 42.33
2025-01-15 17:40:13,128 - DEBUG - Trade Signal: Buy | Time: 2024-10-15T13:54:00+05:30 | Price: 25051.85 | VWAP: 25093.85
2025-01-15 17:40:13,128 - DEBUG - Trade Signal: Buy | Time: 2024-10-15T13:55:00+05:30 | Price: 25058.40 | VWAP: 25093.78
2025-01-15 17:40:13,128 - DEBUG - Trade Signal: Buy | Time: 2024-10-15T13:56:00+05:30 | Price: 25048.15 | VWAP: 25093.69
2025-01-15 17:40:13,128 - DEBUG - Trade Signal: Buy | Time: 2024-10-15T13:57:00+05:30 | Price: 25039.30 | RSI: 41.19
2025-01-15 17:40:13,128 - DEBUG - Trade Signal: Buy | Time: 2024-10-15T13:58:00+05:30 | Price: 25042.45 | RSI: 43.75
2025-01-15 17:40:13,128 - DEBUG - Trade Signal: Buy | Time: 2024-10-15T13:59:00+05:30 | Price: 25038.30 | RSI: 41.21
2025-01-15 17:40:13,128 - DEBUG - Trade Signal: Buy | Time: 2024-10-15T14:00:00+05:30 | Price: 25038.75 | RSI: 41.60
2025-01-15 17:40:13,128 - DEBUG - Trade Signal: Buy | Time: 2024-10-15T14:01:00+05:30 | Price: 25041.35 | RSI: 43.96
2025-01-15 17:40:13,128 - DEBUG - Trade Signal: Buy | Time: 2024-10-15T14:02:00+05:30 | Price: 25042.20 | RSI: 44.74
2025-01-15 17:40:13,129 - DEBUG - Trade Signal: Buy | Time: 2024-10-15T14:03:00+05:30 | Price: 25039.35 | RSI: 42.59
2025-01-15 17:40:13,129 - DEBUG - Trade Signal: Buy | Time: 2024-10-15T14:04:00+05:30 | Price: 25046.80 | VWAP: 25092.27
2025-01-15 17:40:13,129 - DEBUG - Trade Signal: Buy | Time: 2024-10-15T14:05:00+05:30 | Price: 25046.65 | VWAP: 25092.14
2025-01-15 17:40:13,129 - DEBUG - Trade Signal: Buy | Time: 2024-10-15T14:06:00+05:30 | Price: 25047.25 | VWAP: 25092.05
2025-01-15 17:40:13,129 - DEBUG - Trade Signal: Buy | Time: 2024-10-15T14:07:00+05:30 | Price: 25043.35 | VWAP: 25091.83
2025-01-15 17:40:13,129 - DEBUG - Trade Signal: Buy | Time: 2024-10-15T14:08:00+05:30 | Price: 25042.35 | VWAP: 25091.73
2025-01-15 17:40:13,129 - DEBUG - Trade Signal: Buy | Time: 2024-10-15T14:09:00+05:30 | Price: 25040.45 | RSI: 43.68
2025-01-15 17:40:13,129 - DEBUG - Trade Signal: Buy | Time: 2024-10-15T14:10:00+05:30 | Price: 25041.65 | VWAP: 25091.49
2025-01-15 17:40:13,129 - DEBUG - Trade Signal: Buy | Time: 2024-10-15T14:11:00+05:30 | Price: 25035.90 | RSI: 39.90
2025-01-15 17:40:13,129 - DEBUG - Trade Signal: Buy | Time: 2024-10-15T14:12:00+05:30 | Price: 25041.15 | VWAP: 25091.09
2025-01-15 17:40:13,130 - DEBUG - Trade Signal: Buy | Time: 2024-10-15T14:13:00+05:30 | Price: 25045.00 | VWAP: 25090.95
2025-01-15 17:40:13,130 - DEBUG - Trade Signal: Buy | Time: 2024-10-15T14:14:00+05:30 | Price: 25046.90 | VWAP: 25090.84
2025-01-15 17:40:13,130 - DEBUG - Trade Signal: Sell | Time: 2024-10-15T14:15:00+05:30 | Price: 25051.90 | RSI: 56.61
2025-01-15 17:40:13,130 - DEBUG - Trade Signal: Sell | Time: 2024-10-15T14:16:00+05:30 | Price: 25052.30 | RSI: 56.97
2025-01-15 17:40:13,130 - DEBUG - Trade Signal: Sell | Time: 2024-10-15T14:17:00+05:30 | Price: 25054.45 | RSI: 58.95
2025-01-15 17:40:13,130 - DEBUG - Trade Signal: Sell | Time: 2024-10-15T14:18:00+05:30 | Price: 25051.95 | RSI: 55.74
2025-01-15 17:40:13,130 - DEBUG - Trade Signal: Sell | Time: 2024-10-15T14:19:00+05:30 | Price: 25057.60 | RSI: 60.91
2025-01-15 17:40:13,130 - DEBUG - Trade Signal: Sell | Time: 2024-10-15T14:20:00+05:30 | Price: 25062.55 | RSI: 64.80
2025-01-15 17:40:13,130 - DEBUG - Trade Signal: Sell | Time: 2024-10-15T14:21:00+05:30 | Price: 25060.70 | RSI: 62.31
2025-01-15 17:40:13,130 - DEBUG - Trade Signal: Sell | Time: 2024-10-15T14:22:00+05:30 | Price: 25057.10 | RSI: 57.66
2025-01-15 17:40:13,130 - DEBUG - Trade Signal: Buy | Time: 2024-10-15T14:23:00+05:30 | Price: 25051.30 | VWAP: 25089.91
2025-01-15 17:40:13,130 - DEBUG - Trade Signal: Buy | Time: 2024-10-15T14:24:00+05:30 | Price: 25053.55 | VWAP: 25089.73
2025-01-15 17:40:13,130 - DEBUG - Trade Signal: Buy | Time: 2024-10-15T14:25:00+05:30 | Price: 25049.60 | VWAP: 25089.62
2025-01-15 17:40:13,131 - DEBUG - Trade Signal: Buy | Time: 2024-10-15T14:26:00+05:30 | Price: 25051.80 | VWAP: 25089.50
2025-01-15 17:40:13,131 - DEBUG - Trade Signal: Sell | Time: 2024-10-15T14:27:00+05:30 | Price: 25060.10 | RSI: 58.96
2025-01-15 17:40:13,131 - DEBUG - Trade Signal: Sell | Time: 2024-10-15T14:28:00+05:30 | Price: 25063.45 | RSI: 61.57
2025-01-15 17:40:13,131 - DEBUG - Trade Signal: Sell | Time: 2024-10-15T14:29:00+05:30 | Price: 25062.80 | RSI: 60.76
2025-01-15 17:40:13,131 - DEBUG - Trade Signal: Sell | Time: 2024-10-15T14:30:00+05:30 | Price: 25064.90 | RSI: 62.47
2025-01-15 17:40:13,131 - DEBUG - Trade Signal: Sell | Time: 2024-10-15T14:31:00+05:30 | Price: 25064.80 | RSI: 62.33
2025-01-15 17:40:13,131 - DEBUG - Trade Signal: Sell | Time: 2024-10-15T14:32:00+05:30 | Price: 25061.40 | RSI: 57.63
2025-01-15 17:40:13,131 - DEBUG - Trade Signal: Buy | Time: 2024-10-15T14:33:00+05:30 | Price: 25059.15 | VWAP: 25088.93
2025-01-15 17:40:13,131 - DEBUG - Trade Signal: Buy | Time: 2024-10-15T14:34:00+05:30 | Price: 25057.30 | VWAP: 25088.85
2025-01-15 17:40:13,131 - DEBUG - Trade Signal: Buy | Time: 2024-10-15T14:35:00+05:30 | Price: 25050.95 | VWAP: 25088.76
2025-01-15 17:40:13,131 - DEBUG - Trade Signal: Buy | Time: 2024-10-15T14:36:00+05:30 | Price: 25043.75 | RSI: 38.61
2025-01-15 17:40:13,131 - DEBUG - Trade Signal: Buy | Time: 2024-10-15T14:37:00+05:30 | Price: 25035.00 | RSI: 32.49
2025-01-15 17:40:13,131 - DEBUG - Trade Signal: Buy | Time: 2024-10-15T14:38:00+05:30 | Price: 25034.20 | RSI: 31.99
2025-01-15 17:40:13,131 - DEBUG - Trade Signal: Buy | Time: 2024-10-15T14:39:00+05:30 | Price: 25042.00 | RSI: 41.44
2025-01-15 17:40:13,132 - DEBUG - Trade Signal: Buy | Time: 2024-10-15T14:40:00+05:30 | Price: 25041.70 | RSI: 41.21
2025-01-15 17:40:13,132 - DEBUG - Trade Signal: Buy | Time: 2024-10-15T14:41:00+05:30 | Price: 25039.20 | RSI: 39.19
2025-01-15 17:40:13,132 - DEBUG - Trade Signal: Buy | Time: 2024-10-15T14:42:00+05:30 | Price: 25029.85 | RSI: 32.75
2025-01-15 17:40:13,132 - DEBUG - Trade Signal: Buy | Time: 2024-10-15T14:43:00+05:30 | Price: 25031.50 | RSI: 34.78
2025-01-15 17:40:13,132 - DEBUG - Trade Signal: Buy | Time: 2024-10-15T14:44:00+05:30 | Price: 25035.95 | RSI: 40.06
2025-01-15 17:40:13,132 - DEBUG - Trade Signal: Buy | Time: 2024-10-15T14:45:00+05:30 | Price: 25041.50 | VWAP: 25086.98
2025-01-15 17:40:13,132 - DEBUG - Trade Signal: Buy | Time: 2024-10-15T14:46:00+05:30 | Price: 25047.60 | VWAP: 25086.86
2025-01-15 17:40:13,132 - DEBUG - Trade Signal: Buy | Time: 2024-10-15T14:47:00+05:30 | Price: 25041.15 | VWAP: 25086.72
2025-01-15 17:40:13,132 - DEBUG - Trade Signal: Buy | Time: 2024-10-15T14:48:00+05:30 | Price: 25044.00 | VWAP: 25086.61
2025-01-15 17:40:13,132 - DEBUG - Trade Signal: Buy | Time: 2024-10-15T14:49:00+05:30 | Price: 25041.95 | VWAP: 25086.46
2025-01-15 17:40:13,132 - DEBUG - Trade Signal: Buy | Time: 2024-10-15T14:50:00+05:30 | Price: 25042.50 | VWAP: 25086.33
2025-01-15 17:40:13,132 - DEBUG - Trade Signal: Buy | Time: 2024-10-15T14:51:00+05:30 | Price: 25046.00 | VWAP: 25086.18
2025-01-15 17:40:13,132 - DEBUG - Trade Signal: Buy | Time: 2024-10-15T14:52:00+05:30 | Price: 25050.10 | VWAP: 25086.08
2025-01-15 17:40:13,133 - DEBUG - Trade Signal: Buy | Time: 2024-10-15T14:53:00+05:30 | Price: 25046.45 | VWAP: 25085.96
2025-01-15 17:40:13,133 - DEBUG - Trade Signal: Buy | Time: 2024-10-15T14:54:00+05:30 | Price: 25047.40 | VWAP: 25085.85
2025-01-15 17:40:13,133 - DEBUG - Trade Signal: Buy | Time: 2024-10-15T14:55:00+05:30 | Price: 25042.05 | VWAP: 25085.75
2025-01-15 17:40:13,133 - DEBUG - Trade Signal: Buy | Time: 2024-10-15T14:56:00+05:30 | Price: 25047.05 | VWAP: 25085.55
2025-01-15 17:40:13,133 - DEBUG - Trade Signal: Buy | Time: 2024-10-15T14:57:00+05:30 | Price: 25038.00 | RSI: 43.62
2025-01-15 17:40:13,133 - DEBUG - Trade Signal: Buy | Time: 2024-10-15T14:58:00+05:30 | Price: 25028.95 | RSI: 37.42
2025-01-15 17:40:13,133 - DEBUG - Trade Signal: Buy | Time: 2024-10-15T14:59:00+05:30 | Price: 25030.30 | RSI: 38.82
2025-01-15 17:40:13,133 - DEBUG - Trade Signal: Buy | Time: 2024-10-15T15:00:00+05:30 | Price: 25031.40 | RSI: 39.99
2025-01-15 17:40:13,133 - DEBUG - Trade Signal: Sell | Time: 2024-10-15T15:01:00+05:30 | Price: 25050.05 | RSI: 55.58
2025-01-15 17:40:13,133 - DEBUG - Trade Signal: Buy | Time: 2024-10-15T15:02:00+05:30 | Price: 25044.05 | VWAP: 25083.62
2025-01-15 17:40:13,133 - DEBUG - Trade Signal: Sell | Time: 2024-10-15T15:03:00+05:30 | Price: 25056.20 | RSI: 58.46
2025-01-15 17:40:13,133 - DEBUG - Trade Signal: Buy | Time: 2024-10-15T15:04:00+05:30 | Price: 25050.20 | VWAP: 25083.08
2025-01-15 17:40:13,133 - DEBUG - Trade Signal: Buy | Time: 2024-10-15T15:05:00+05:30 | Price: 25043.70 | VWAP: 25082.79
2025-01-15 17:40:13,133 - DEBUG - Trade Signal: Buy | Time: 2024-10-15T15:06:00+05:30 | Price: 25043.95 | VWAP: 25082.49
2025-01-15 17:40:13,134 - DEBUG - Trade Signal: Buy | Time: 2024-10-15T15:07:00+05:30 | Price: 25048.40 | VWAP: 25082.21
2025-01-15 17:40:13,134 - DEBUG - Trade Signal: Buy | Time: 2024-10-15T15:08:00+05:30 | Price: 25050.85 | VWAP: 25082.01
2025-01-15 17:40:13,134 - DEBUG - Trade Signal: Sell | Time: 2024-10-15T15:09:00+05:30 | Price: 25057.65 | RSI: 58.74
2025-01-15 17:40:13,134 - DEBUG - Trade Signal: Sell | Time: 2024-10-15T15:10:00+05:30 | Price: 25057.45 | RSI: 58.56
2025-01-15 17:40:13,134 - DEBUG - Trade Signal: Sell | Time: 2024-10-15T15:11:00+05:30 | Price: 25064.30 | RSI: 62.61
2025-01-15 17:40:13,134 - DEBUG - Trade Signal: Sell | Time: 2024-10-15T15:12:00+05:30 | Price: 25061.95 | RSI: 60.43
2025-01-15 17:40:13,134 - DEBUG - Trade Signal: Sell | Time: 2024-10-15T15:13:00+05:30 | Price: 25056.60 | RSI: 55.68
2025-01-15 17:40:13,134 - DEBUG - Trade Signal: Buy | Time: 2024-10-15T15:14:00+05:30 | Price: 25052.65 | VWAP: 25080.89
2025-01-15 17:40:13,134 - DEBUG - Trade Signal: Buy | Time: 2024-10-15T15:15:00+05:30 | Price: 25050.65 | VWAP: 25080.62
2025-01-15 17:40:13,134 - DEBUG - Trade Signal: Sell | Time: 2024-10-15T15:16:00+05:30 | Price: 25059.95 | RSI: 57.40
2025-01-15 17:40:13,134 - DEBUG - Trade Signal: Buy | Time: 2024-10-15T15:17:00+05:30 | Price: 25057.15 | VWAP: 25080.19
2025-01-15 17:40:13,134 - DEBUG - Trade Signal: Buy | Time: 2024-10-15T15:18:00+05:30 | Price: 25054.00 | VWAP: 25079.92
2025-01-15 17:40:13,134 - DEBUG - Trade Signal: Buy | Time: 2024-10-15T15:19:00+05:30 | Price: 25055.60 | VWAP: 25079.73
2025-01-15 17:40:13,135 - DEBUG - Trade Signal: Sell | Time: 2024-10-15T15:20:00+05:30 | Price: 25060.45 | RSI: 57.17
2025-01-15 17:40:13,135 - DEBUG - Trade Signal: Sell | Time: 2024-10-15T15:21:00+05:30 | Price: 25067.75 | RSI: 61.95
2025-01-15 17:40:13,135 - DEBUG - Trade Signal: Sell | Time: 2024-10-15T15:22:00+05:30 | Price: 25073.50 | RSI: 65.24
2025-01-15 17:40:13,135 - DEBUG - Trade Signal: Sell | Time: 2024-10-15T15:23:00+05:30 | Price: 25075.85 | RSI: 66.51
2025-01-15 17:40:13,135 - DEBUG - Trade Signal: Sell | Time: 2024-10-15T15:24:00+05:30 | Price: 25076.45 | RSI: 66.85
2025-01-15 17:40:13,135 - DEBUG - Trade Signal: Sell | Time: 2024-10-15T15:25:00+05:30 | Price: 25075.25 | RSI: 65.44
2025-01-15 17:40:13,135 - DEBUG - Trade Signal: Sell | Time: 2024-10-15T15:26:00+05:30 | Price: 25074.10 | RSI: 64.05
2025-01-15 17:40:13,135 - DEBUG - Trade Signal: Sell | Time: 2024-10-15T15:27:00+05:30 | Price: 25073.30 | RSI: 63.05
2025-01-15 17:40:13,135 - DEBUG - Trade Signal: Sell | Time: 2024-10-15T15:28:00+05:30 | Price: 25066.75 | RSI: 55.39
2025-01-15 17:40:13,135 - DEBUG - Trade Signal: Buy | Time: 2024-10-15T15:29:00+05:30 | Price: 25065.15 | VWAP: 25079.05
2025-01-15 17:40:13,135 - DEBUG - Trade Signal: Buy | Time: 2024-10-15T15:30:00+05:30 | Price: 25066.15 | VWAP: 25079.05
2025-01-15 17:40:13,135 - DEBUG - Trade Signal: Buy | Time: 2024-10-15T15:32:00+05:30 | Price: 25057.35 | VWAP: 25079.05
2025-01-15 17:40:13,135 - INFO - Total trades generated: 300
2025-01-15 17:40:13,135 - DEBUG - Trade Pair: Bought at 25024.75, Sold at 25070.85, Profit: 46.10
2025-01-15 17:40:13,136 - DEBUG - Trade Pair: Bought at 25077.90, Sold at 25084.75, Profit: 6.85
2025-01-15 17:40:13,136 - DEBUG - Trade Pair: Bought at 25071.50, Sold at 25060.15, Profit: -11.35
2025-01-15 17:40:13,136 - DEBUG - Trade Pair: Bought at 25059.70, Sold at 25060.70, Profit: 1.00
2025-01-15 17:40:13,136 - DEBUG - Trade Pair: Bought at 25075.00, Sold at 25072.00, Profit: -3.00
2025-01-15 17:40:13,136 - DEBUG - Trade Pair: Bought at 25068.05, Sold at 25043.80, Profit: -24.25
2025-01-15 17:40:13,136 - DEBUG - Trade Pair: Bought at 25038.20, Sold at 25045.25, Profit: 7.05
2025-01-15 17:40:13,136 - DEBUG - Trade Pair: Bought at 25042.40, Sold at 25046.20, Profit: 3.80
2025-01-15 17:40:13,136 - DEBUG - Trade Pair: Bought at 25057.90, Sold at 25051.90, Profit: -6.00
2025-01-15 17:40:13,136 - DEBUG - Trade Pair: Bought at 25051.30, Sold at 25060.10, Profit: 8.80
2025-01-15 17:40:13,136 - DEBUG - Trade Pair: Bought at 25059.15, Sold at 25050.05, Profit: -9.10
2025-01-15 17:40:13,136 - DEBUG - Trade Pair: Bought at 25044.05, Sold at 25056.20, Profit: 12.15
2025-01-15 17:40:13,137 - DEBUG - Trade Pair: Bought at 25050.20, Sold at 25057.65, Profit: 7.45
2025-01-15 17:40:13,137 - DEBUG - Trade Pair: Bought at 25052.65, Sold at 25059.95, Profit: 7.30
2025-01-15 17:40:13,137 - DEBUG - Trade Pair: Bought at 25057.15, Sold at 25060.45, Profit: 3.30
2025-01-15 17:40:13,137 - INFO - Total Profit: 50.10
2025-01-15 17:40:13,137 - INFO - Summary displayed successfully.
