2025-02-06 15:27:58,826 - INFO - Starting penny stock trading strategy...
2025-02-06 15:27:58,826 - INFO - Reading CSV file: NSE_NIFTY, 1 Intraday.csv
2025-02-06 15:27:58,838 - INFO - Calculating indicators using TA-Lib
2025-02-06 15:27:58,841 - DEBUG - Index: 3, Recent High: 25044.4, Recent Low: 25014.1, Volume: 624291, Volume_MA: nan
2025-02-06 15:27:58,842 - DEBUG - Index: 4, Recent High: 25048.45, Recent Low: 25023.7, Volume: 510567, Volume_MA: nan
2025-02-06 15:27:58,842 - DEBUG - Index: 5, Recent High: 25061.35, Recent Low: 25033.7, Volume: 668600, Volume_MA: nan
2025-02-06 15:27:58,843 - DEBUG - Index: 6, Recent High: 25064.05, Recent Low: 25040.9, Volume: 493618, Volume_MA: nan
2025-02-06 15:27:58,843 - DEBUG - Index: 7, Recent High: 25070.85, Recent Low: 25047.7, Volume: 613241, Volume_MA: nan
2025-02-06 15:27:58,844 - DEBUG - Index: 8, Recent High: 25081.4, Recent Low: 25056.8, Volume: 639337, Volume_MA: nan
2025-02-06 15:27:58,844 - DEBUG - Index: 9, Recent High: 25081.75, Recent Low: 25061.75, Volume: 741451, Volume_MA: nan
2025-02-06 15:27:58,845 - DEBUG - Index: 10, Recent High: 25081.75, Recent Low: 25069.65, Volume: 397356, Volume_MA: nan
2025-02-06 15:27:58,845 - DEBUG - Index: 11, Recent High: 25086.3, Recent Low: 25074.1, Volume: 558693, Volume_MA: nan
2025-02-06 15:27:58,846 - DEBUG - Index: 12, Recent High: 25097.2, Recent Low: 25074.1, Volume: 423201, Volume_MA: nan
2025-02-06 15:27:58,846 - DEBUG - Index: 13, Recent High: 25097.2, Recent Low: 25078.9, Volume: 526387, Volume_MA: 541132.0
2025-02-06 15:27:58,847 - DEBUG - Index: 14, Recent High: 25097.2, Recent Low: 25086.25, Volume: 385194, Volume_MA: 539849.2857142857
2025-02-06 15:27:58,848 - DEBUG - Index: 15, Recent High: 25097.1, Recent Low: 25086.25, Volume: 546862, Volume_MA: 541186.5
2025-02-06 15:27:58,848 - DEBUG - Index: 16, Recent High: 25097.1, Recent Low: 25083.45, Volume: 568757, Volume_MA: 549825.3571428572
2025-02-06 15:27:58,849 - DEBUG - Index: 17, Recent High: 25095.7, Recent Low: 25081.5, Volume: 395151, Volume_MA: 533458.2142857143
2025-02-06 15:27:58,849 - DEBUG - Index: 18, Recent High: 25091.9, Recent Low: 25076.3, Volume: 567032, Volume_MA: 537491.4285714285
2025-02-06 15:27:58,849 - DEBUG - Index: 19, Recent High: 25091.9, Recent Low: 25074.95, Volume: 525270, Volume_MA: 527253.5714285715
2025-02-06 15:27:58,850 - DEBUG - Index: 20, Recent High: 25087.55, Recent Low: 25074.95, Volume: 651776, Volume_MA: 538550.5714285715
2025-02-06 15:27:58,850 - INFO - Buy Signal: Time=2024-10-15T10:52:00+05:30, Price=25091.7, Volume=651776
2025-02-06 15:27:58,851 - DEBUG - Index: 21, Recent High: 25096.35, Recent Low: 25074.95, Volume: 468586, Volume_MA: 528218.0714285715
2025-02-06 15:27:58,851 - INFO - Sell Signal: Time=2024-10-15T10:53:00+05:30, Price=25088.65
2025-02-06 15:27:58,851 - DEBUG - Index: 22, Recent High: 25096.35, Recent Low: 25075.9, Volume: 487936, Volume_MA: 517403.71428571426
2025-02-06 15:27:58,852 - DEBUG - Index: 23, Recent High: 25097.15, Recent Low: 25084.3, Volume: 820485, Volume_MA: 523049.0
2025-02-06 15:27:58,852 - DEBUG - Index: 24, Recent High: 25097.65, Recent Low: 25067.7, Volume: 498436, Volume_MA: 530269.0
2025-02-06 15:27:58,853 - DEBUG - Index: 25, Recent High: 25097.65, Recent Low: 25067.7, Volume: 398253, Volume_MA: 518809.0
2025-02-06 15:27:58,853 - DEBUG - Index: 26, Recent High: 25097.65, Recent Low: 25067.7, Volume: 603046, Volume_MA: 531655.0714285715
2025-02-06 15:27:58,854 - DEBUG - Index: 27, Recent High: 25083.0, Recent Low: 25068.4, Volume: 401059, Volume_MA: 522703.0714285714
2025-02-06 15:27:58,854 - DEBUG - Index: 28, Recent High: 25081.5, Recent Low: 25068.9, Volume: 366549, Volume_MA: 521371.28571428574
2025-02-06 15:27:58,855 - DEBUG - Index: 29, Recent High: 25081.05, Recent Low: 25068.9, Volume: 479359, Volume_MA: 516549.64285714284
2025-02-06 15:27:58,855 - DEBUG - Index: 30, Recent High: 25081.05, Recent Low: 25074.45, Volume: 474627, Volume_MA: 509826.0714285714
2025-02-06 15:27:58,856 - DEBUG - Index: 31, Recent High: 25081.05, Recent Low: 25069.1, Volume: 422927, Volume_MA: 511810.0714285714
2025-02-06 15:27:58,856 - DEBUG - Index: 32, Recent High: 25078.25, Recent Low: 25067.95, Volume: 510281, Volume_MA: 507756.4285714286
2025-02-06 15:27:58,857 - DEBUG - Index: 33, Recent High: 25076.75, Recent Low: 25067.95, Volume: 351843, Volume_MA: 495368.78571428574
2025-02-06 15:27:58,857 - DEBUG - Index: 34, Recent High: 25072.55, Recent Low: 25064.3, Volume: 396203, Volume_MA: 477113.5714285714
2025-02-06 15:27:58,858 - DEBUG - Index: 35, Recent High: 25072.55, Recent Low: 25063.7, Volume: 414026, Volume_MA: 473216.4285714286
2025-02-06 15:27:58,858 - DEBUG - Index: 36, Recent High: 25072.9, Recent Low: 25063.7, Volume: 425209, Volume_MA: 468735.9285714286
2025-02-06 15:27:58,859 - DEBUG - Index: 37, Recent High: 25078.8, Recent Low: 25063.7, Volume: 249782, Volume_MA: 427971.4285714286
2025-02-06 15:27:58,859 - DEBUG - Index: 38, Recent High: 25078.8, Recent Low: 25064.9, Volume: 425555, Volume_MA: 422765.64285714284
2025-02-06 15:27:58,860 - DEBUG - Index: 39, Recent High: 25078.8, Recent Low: 25065.85, Volume: 255398, Volume_MA: 412561.71428571426
2025-02-06 15:27:58,861 - DEBUG - Index: 40, Recent High: 25075.0, Recent Low: 25063.5, Volume: 283861, Volume_MA: 389762.78571428574
2025-02-06 15:27:58,861 - DEBUG - Index: 41, Recent High: 25071.75, Recent Low: 25063.5, Volume: 312667, Volume_MA: 383449.0714285714
2025-02-06 15:27:58,862 - DEBUG - Index: 42, Recent High: 25071.15, Recent Low: 25063.5, Volume: 373173, Volume_MA: 383922.21428571426
2025-02-06 15:27:58,862 - DEBUG - Index: 43, Recent High: 25072.5, Recent Low: 25063.35, Volume: 411008, Volume_MA: 379040.0
2025-02-06 15:27:58,863 - DEBUG - Index: 44, Recent High: 25074.2, Recent Low: 25063.35, Volume: 352030, Volume_MA: 370283.0714285714
2025-02-06 15:27:58,863 - DEBUG - Index: 45, Recent High: 25074.2, Recent Low: 25063.35, Volume: 483802, Volume_MA: 374631.28571428574
2025-02-06 15:27:58,864 - DEBUG - Index: 46, Recent High: 25074.2, Recent Low: 25062.3, Volume: 422870, Volume_MA: 368387.64285714284
2025-02-06 15:27:58,864 - DEBUG - Index: 47, Recent High: 25067.3, Recent Low: 25061.4, Volume: 422985, Volume_MA: 373469.21428571426
2025-02-06 15:27:58,865 - DEBUG - Index: 48, Recent High: 25067.85, Recent Low: 25061.15, Volume: 435333, Volume_MA: 376264.21428571426
2025-02-06 15:27:58,865 - DEBUG - Index: 49, Recent High: 25073.4, Recent Low: 25061.15, Volume: 368663, Volume_MA: 373024.0
2025-02-06 15:27:58,866 - DEBUG - Index: 50, Recent High: 25075.05, Recent Low: 25061.15, Volume: 344276, Volume_MA: 367243.0714285714
2025-02-06 15:27:58,866 - DEBUG - Index: 51, Recent High: 25075.05, Recent Low: 25064.55, Volume: 368944, Volume_MA: 375754.64285714284
2025-02-06 15:27:58,867 - DEBUG - Index: 52, Recent High: 25075.05, Recent Low: 25058.65, Volume: 589902, Volume_MA: 387493.71428571426
2025-02-06 15:27:58,867 - DEBUG - Index: 53, Recent High: 25070.0, Recent Low: 25053.45, Volume: 463341, Volume_MA: 402346.78571428574
2025-02-06 15:27:58,868 - DEBUG - Index: 54, Recent High: 25067.8, Recent Low: 25044.8, Volume: 387934, Volume_MA: 409780.5714285714
2025-02-06 15:27:58,868 - DEBUG - Index: 55, Recent High: 25059.85, Recent Low: 25044.8, Volume: 346182, Volume_MA: 412174.5
2025-02-06 15:27:58,869 - DEBUG - Index: 56, Recent High: 25057.6, Recent Low: 25044.8, Volume: 387893, Volume_MA: 413225.9285714286
2025-02-06 15:27:58,869 - DEBUG - Index: 57, Recent High: 25057.9, Recent Low: 25045.2, Volume: 449934, Volume_MA: 416006.35714285716
2025-02-06 15:27:58,870 - DEBUG - Index: 58, Recent High: 25057.9, Recent Low: 25045.2, Volume: 356395, Volume_MA: 416318.14285714284
2025-02-06 15:27:58,870 - DEBUG - Index: 59, Recent High: 25057.9, Recent Low: 25045.2, Volume: 313012, Volume_MA: 404118.85714285716
2025-02-06 15:27:58,871 - DEBUG - Index: 60, Recent High: 25054.85, Recent Low: 25045.75, Volume: 433673, Volume_MA: 404890.5
2025-02-06 15:27:58,871 - DEBUG - Index: 61, Recent High: 25058.2, Recent Low: 25045.75, Volume: 555189, Volume_MA: 414333.64285714284
2025-02-06 15:27:58,872 - DEBUG - Index: 62, Recent High: 25058.2, Recent Low: 25047.1, Volume: 301661, Volume_MA: 404785.64285714284
2025-02-06 15:27:58,872 - DEBUG - Index: 63, Recent High: 25058.6, Recent Low: 25048.2, Volume: 355691, Volume_MA: 403859.0714285714
2025-02-06 15:27:58,873 - DEBUG - Index: 64, Recent High: 25060.95, Recent Low: 25048.2, Volume: 311965, Volume_MA: 401551.14285714284
2025-02-06 15:27:58,873 - DEBUG - Index: 65, Recent High: 25060.95, Recent Low: 25049.0, Volume: 264073, Volume_MA: 394060.35714285716
2025-02-06 15:27:58,874 - DEBUG - Index: 66, Recent High: 25060.95, Recent Low: 25046.3, Volume: 1028849, Volume_MA: 425413.71428571426
2025-02-06 15:27:58,874 - DEBUG - Index: 67, Recent High: 25057.55, Recent Low: 25046.0, Volume: 448948, Volume_MA: 424385.64285714284
2025-02-06 15:27:58,875 - DEBUG - Index: 68, Recent High: 25056.4, Recent Low: 25046.0, Volume: 434427, Volume_MA: 427706.5714285714
2025-02-06 15:27:58,875 - DEBUG - Index: 69, Recent High: 25056.4, Recent Low: 25046.0, Volume: 550251, Volume_MA: 442282.9285714286
2025-02-06 15:27:58,876 - DEBUG - Index: 70, Recent High: 25056.4, Recent Low: 25040.55, Volume: 469344, Volume_MA: 448100.85714285716
2025-02-06 15:27:58,876 - DEBUG - Index: 71, Recent High: 25054.2, Recent Low: 25037.6, Volume: 502865, Volume_MA: 451881.64285714284
2025-02-06 15:27:58,876 - DEBUG - Index: 72, Recent High: 25050.85, Recent Low: 25037.6, Volume: 314050, Volume_MA: 448857.0
2025-02-06 15:27:58,877 - DEBUG - Index: 73, Recent High: 25056.5, Recent Low: 25037.6, Volume: 337781, Volume_MA: 450626.21428571426
2025-02-06 15:27:58,877 - DEBUG - Index: 74, Recent High: 25056.5, Recent Low: 25040.8, Volume: 471578, Volume_MA: 453333.71428571426
2025-02-06 15:27:58,878 - DEBUG - Index: 75, Recent High: 25056.5, Recent Low: 25044.65, Volume: 349125, Volume_MA: 438614.85714285716
2025-02-06 15:27:58,878 - DEBUG - Index: 76, Recent High: 25056.35, Recent Low: 25044.65, Volume: 437775, Volume_MA: 448337.28571428574
2025-02-06 15:27:58,879 - DEBUG - Index: 77, Recent High: 25056.05, Recent Low: 25044.65, Volume: 393129, Volume_MA: 451011.4285714286
2025-02-06 15:27:58,880 - DEBUG - Index: 78, Recent High: 25061.95, Recent Low: 25047.7, Volume: 383866, Volume_MA: 456147.21428571426
2025-02-06 15:27:58,880 - DEBUG - Index: 79, Recent High: 25062.2, Recent Low: 25049.3, Volume: 315917, Volume_MA: 459850.35714285716
2025-02-06 15:27:58,881 - DEBUG - Index: 80, Recent High: 25062.2, Recent Low: 25050.45, Volume: 325577, Volume_MA: 409616.64285714284
2025-02-06 15:27:58,881 - DEBUG - Index: 81, Recent High: 25067.7, Recent Low: 25055.7, Volume: 445343, Volume_MA: 409359.14285714284
2025-02-06 15:27:58,882 - DEBUG - Index: 82, Recent High: 25069.75, Recent Low: 25055.7, Volume: 375560, Volume_MA: 405154.35714285716
2025-02-06 15:27:58,882 - DEBUG - Index: 83, Recent High: 25070.4, Recent Low: 25059.85, Volume: 664450, Volume_MA: 413311.4285714286
2025-02-06 15:27:58,883 - DEBUG - Index: 84, Recent High: 25070.4, Recent Low: 25062.6, Volume: 427171, Volume_MA: 410299.0714285714
2025-02-06 15:27:58,883 - DEBUG - Index: 85, Recent High: 25073.45, Recent Low: 25062.6, Volume: 528479, Volume_MA: 412128.64285714284
2025-02-06 15:27:58,883 - INFO - Buy Signal: Time=2024-10-15T11:57:00+05:30, Price=25078.3, Volume=528479
2025-02-06 15:27:58,884 - DEBUG - Index: 86, Recent High: 25081.35, Recent Low: 25062.6, Volume: 385099, Volume_MA: 417203.5714285714
2025-02-06 15:27:58,884 - INFO - Sell Signal: Time=2024-10-15T11:58:00+05:30, Price=25084.2
2025-02-06 15:27:58,884 - DEBUG - Index: 87, Recent High: 25084.2, Recent Low: 25064.5, Volume: 324590, Volume_MA: 416261.35714285716
2025-02-06 15:27:58,885 - DEBUG - Index: 88, Recent High: 25085.15, Recent Low: 25071.6, Volume: 401168, Volume_MA: 411232.0714285714
2025-02-06 15:27:58,886 - DEBUG - Index: 89, Recent High: 25085.15, Recent Low: 25075.0, Volume: 378505, Volume_MA: 413330.64285714284
2025-02-06 15:27:58,886 - DEBUG - Index: 90, Recent High: 25085.15, Recent Low: 25074.55, Volume: 484172, Volume_MA: 416644.71428571426
2025-02-06 15:27:58,886 - DEBUG - Index: 91, Recent High: 25087.4, Recent Low: 25074.55, Volume: 361110, Volume_MA: 414357.64285714284
2025-02-06 15:27:58,887 - DEBUG - Index: 92, Recent High: 25089.5, Recent Low: 25074.55, Volume: 534297, Volume_MA: 425102.71428571426
2025-02-06 15:27:58,887 - DEBUG - Index: 93, Recent High: 25089.95, Recent Low: 25075.95, Volume: 413891, Volume_MA: 432100.85714285716
2025-02-06 15:27:58,888 - DEBUG - Index: 94, Recent High: 25089.95, Recent Low: 25075.6, Volume: 400327, Volume_MA: 437440.14285714284
2025-02-06 15:27:58,888 - DEBUG - Index: 95, Recent High: 25089.95, Recent Low: 25074.8, Volume: 458333, Volume_MA: 438368.0
2025-02-06 15:27:58,889 - DEBUG - Index: 96, Recent High: 25086.4, Recent Low: 25074.7, Volume: 563079, Volume_MA: 451762.21428571426
2025-02-06 15:27:58,889 - DEBUG - Index: 97, Recent High: 25080.75, Recent Low: 25073.6, Volume: 357630, Volume_MA: 429846.5
2025-02-06 15:27:58,890 - DEBUG - Index: 98, Recent High: 25080.1, Recent Low: 25070.05, Volume: 299835, Volume_MA: 420751.0714285714
2025-02-06 15:27:58,890 - DEBUG - Index: 99, Recent High: 25078.95, Recent Low: 25069.1, Volume: 541053, Volume_MA: 421649.21428571426
2025-02-06 15:27:58,891 - DEBUG - Index: 100, Recent High: 25077.0, Recent Low: 25069.1, Volume: 460433, Volume_MA: 427030.21428571426
2025-02-06 15:27:58,891 - DEBUG - Index: 101, Recent High: 25076.45, Recent Low: 25064.9, Volume: 534769, Volume_MA: 442043.0
2025-02-06 15:27:58,892 - DEBUG - Index: 102, Recent High: 25076.45, Recent Low: 25063.6, Volume: 484162, Volume_MA: 447971.14285714284
2025-02-06 15:27:58,892 - DEBUG - Index: 103, Recent High: 25075.6, Recent Low: 25063.6, Volume: 613902, Volume_MA: 464785.21428571426
2025-02-06 15:27:58,893 - DEBUG - Index: 104, Recent High: 25075.6, Recent Low: 25062.55, Volume: 329275, Volume_MA: 453721.14285714284
2025-02-06 15:27:58,893 - DEBUG - Index: 105, Recent High: 25075.6, Recent Low: 25062.55, Volume: 651581, Volume_MA: 474469.0714285714
2025-02-06 15:27:58,894 - DEBUG - Index: 106, Recent High: 25072.55, Recent Low: 25062.55, Volume: 445551, Volume_MA: 468130.0714285714
2025-02-06 15:27:58,894 - DEBUG - Index: 107, Recent High: 25071.1, Recent Low: 25059.6, Volume: 356850, Volume_MA: 464055.71428571426
2025-02-06 15:27:58,895 - DEBUG - Index: 108, Recent High: 25071.1, Recent Low: 25058.65, Volume: 359317, Volume_MA: 461126.4285714286
2025-02-06 15:27:58,895 - DEBUG - Index: 109, Recent High: 25066.9, Recent Low: 25058.65, Volume: 481466, Volume_MA: 462778.78571428574
2025-02-06 15:27:58,896 - DEBUG - Index: 110, Recent High: 25070.0, Recent Low: 25058.65, Volume: 495151, Volume_MA: 457926.78571428574
2025-02-06 15:27:58,896 - DEBUG - Index: 111, Recent High: 25070.0, Recent Low: 25060.7, Volume: 354104, Volume_MA: 457674.9285714286
2025-02-06 15:27:58,897 - DEBUG - Index: 112, Recent High: 25070.0, Recent Low: 25059.9, Volume: 430835, Volume_MA: 467032.0714285714
2025-02-06 15:27:58,897 - DEBUG - Index: 113, Recent High: 25069.55, Recent Low: 25059.9, Volume: 631670, Volume_MA: 473504.71428571426
2025-02-06 15:27:58,898 - DEBUG - Index: 114, Recent High: 25067.95, Recent Low: 25059.4, Volume: 737385, Volume_MA: 493287.0
2025-02-06 15:27:58,898 - DEBUG - Index: 115, Recent High: 25069.2, Recent Low: 25059.4, Volume: 493681, Volume_MA: 490352.14285714284
2025-02-06 15:27:58,899 - DEBUG - Index: 116, Recent High: 25069.8, Recent Low: 25059.4, Volume: 496213, Volume_MA: 491212.9285714286
2025-02-06 15:27:58,899 - DEBUG - Index: 117, Recent High: 25069.8, Recent Low: 25059.5, Volume: 514581, Volume_MA: 484118.5714285714
2025-02-06 15:27:58,900 - DEBUG - Index: 118, Recent High: 25069.8, Recent Low: 25055.95, Volume: 449992, Volume_MA: 492741.21428571426
2025-02-06 15:27:58,900 - DEBUG - Index: 119, Recent High: 25068.7, Recent Low: 25053.55, Volume: 641442, Volume_MA: 492017.0
2025-02-06 15:27:58,901 - DEBUG - Index: 120, Recent High: 25065.5, Recent Low: 25053.55, Volume: 297055, Volume_MA: 481410.14285714284
2025-02-06 15:27:58,901 - DEBUG - Index: 121, Recent High: 25065.5, Recent Low: 25053.55, Volume: 348860, Volume_MA: 480839.4285714286
2025-02-06 15:27:58,902 - DEBUG - Index: 122, Recent High: 25065.5, Recent Low: 25057.95, Volume: 425159, Volume_MA: 485542.4285714286
2025-02-06 15:27:58,903 - DEBUG - Index: 123, Recent High: 25069.9, Recent Low: 25058.7, Volume: 347176, Volume_MA: 475950.28571428574
2025-02-06 15:27:58,903 - DEBUG - Index: 124, Recent High: 25072.4, Recent Low: 25060.55, Volume: 404948, Volume_MA: 469507.21428571426
2025-02-06 15:27:58,904 - DEBUG - Index: 125, Recent High: 25072.4, Recent Low: 25063.15, Volume: 588065, Volume_MA: 486218.71428571426
2025-02-06 15:27:58,905 - DEBUG - Index: 126, Recent High: 25072.4, Recent Low: 25060.65, Volume: 367636, Volume_MA: 481704.5
2025-02-06 15:27:58,905 - DEBUG - Index: 127, Recent High: 25070.35, Recent Low: 25060.65, Volume: 410391, Volume_MA: 465898.85714285716
2025-02-06 15:27:58,906 - DEBUG - Index: 128, Recent High: 25070.45, Recent Low: 25060.65, Volume: 339804, Volume_MA: 437500.21428571426
2025-02-06 15:27:58,906 - DEBUG - Index: 129, Recent High: 25070.45, Recent Low: 25061.3, Volume: 279144, Volume_MA: 422176.14285714284
2025-02-06 15:27:58,907 - DEBUG - Index: 130, Recent High: 25070.45, Recent Low: 25061.3, Volume: 323457, Volume_MA: 409836.4285714286
2025-02-06 15:27:58,907 - DEBUG - Index: 131, Recent High: 25070.3, Recent Low: 25061.85, Volume: 332370, Volume_MA: 396821.35714285716
2025-02-06 15:27:58,907 - DEBUG - Index: 132, Recent High: 25070.3, Recent Low: 25061.85, Volume: 425406, Volume_MA: 395065.21428571426
2025-02-06 15:27:58,908 - DEBUG - Index: 133, Recent High: 25070.3, Recent Low: 25062.45, Volume: 297484, Volume_MA: 370496.78571428574
2025-02-06 15:27:58,908 - DEBUG - Index: 134, Recent High: 25072.3, Recent Low: 25064.5, Volume: 393466, Volume_MA: 377383.28571428574
2025-02-06 15:27:58,909 - DEBUG - Index: 135, Recent High: 25076.95, Recent Low: 25064.5, Volume: 479137, Volume_MA: 386688.78571428574
2025-02-06 15:27:58,909 - DEBUG - Index: 136, Recent High: 25076.95, Recent Low: 25067.95, Volume: 329353, Volume_MA: 379845.5
2025-02-06 15:27:58,910 - DEBUG - Index: 137, Recent High: 25077.25, Recent Low: 25071.2, Volume: 480857, Volume_MA: 389394.14285714284
2025-02-06 15:27:58,910 - DEBUG - Index: 138, Recent High: 25077.5, Recent Low: 25072.35, Volume: 470139, Volume_MA: 394050.64285714284
2025-02-06 15:27:58,911 - DEBUG - Index: 139, Recent High: 25077.5, Recent Low: 25067.55, Volume: 398144, Volume_MA: 380484.85714285716
2025-02-06 15:27:58,911 - DEBUG - Index: 140, Recent High: 25077.5, Recent Low: 25066.05, Volume: 351881, Volume_MA: 379359.5
2025-02-06 15:27:58,912 - DEBUG - Index: 141, Recent High: 25075.65, Recent Low: 25066.05, Volume: 453445, Volume_MA: 382434.78571428574
2025-02-06 15:27:58,912 - DEBUG - Index: 142, Recent High: 25074.45, Recent Low: 25064.2, Volume: 460080, Volume_MA: 391025.9285714286
2025-02-06 15:27:58,913 - DEBUG - Index: 143, Recent High: 25074.45, Recent Low: 25064.2, Volume: 368290, Volume_MA: 397393.5
2025-02-06 15:27:58,914 - DEBUG - Index: 144, Recent High: 25073.1, Recent Low: 25064.2, Volume: 350257, Volume_MA: 399307.78571428574
2025-02-06 15:27:58,914 - DEBUG - Index: 145, Recent High: 25073.1, Recent Low: 25064.25, Volume: 474113, Volume_MA: 409432.28571428574
2025-02-06 15:27:58,915 - DEBUG - Index: 146, Recent High: 25073.1, Recent Low: 25056.2, Volume: 372599, Volume_MA: 405660.35714285716
2025-02-06 15:27:58,915 - DEBUG - Index: 147, Recent High: 25069.6, Recent Low: 25056.2, Volume: 397320, Volume_MA: 412791.5
2025-02-06 15:27:58,916 - DEBUG - Index: 148, Recent High: 25066.65, Recent Low: 25056.2, Volume: 637571, Volume_MA: 430227.5714285714
2025-02-06 15:27:58,916 - DEBUG - Index: 149, Recent High: 25062.85, Recent Low: 25046.2, Volume: 491846, Volume_MA: 431135.35714285716
2025-02-06 15:27:58,917 - DEBUG - Index: 150, Recent High: 25062.85, Recent Low: 25045.75, Volume: 757077, Volume_MA: 461687.0714285714
2025-02-06 15:27:58,917 - DEBUG - Index: 151, Recent High: 25059.35, Recent Low: 25026.25, Volume: 537961, Volume_MA: 465765.9285714286
2025-02-06 15:27:58,918 - DEBUG - Index: 152, Recent High: 25052.85, Recent Low: 25026.25, Volume: 349725, Volume_MA: 457164.9285714286
2025-02-06 15:27:58,918 - DEBUG - Index: 153, Recent High: 25052.45, Recent Low: 25026.25, Volume: 984218, Volume_MA: 499027.35714285716
2025-02-06 15:27:58,919 - DEBUG - Index: 154, Recent High: 25037.6, Recent Low: 25008.15, Volume: 449422, Volume_MA: 505994.5714285714
2025-02-06 15:27:58,919 - DEBUG - Index: 155, Recent High: 25037.6, Recent Low: 25008.15, Volume: 473005, Volume_MA: 507391.71428571426
2025-02-06 15:27:58,919 - DEBUG - Index: 156, Recent High: 25035.45, Recent Low: 25008.15, Volume: 795175, Volume_MA: 531327.0714285715
2025-02-06 15:27:58,920 - DEBUG - Index: 157, Recent High: 25025.2, Recent Low: 25013.45, Volume: 611326, Volume_MA: 548686.7857142857
2025-02-06 15:27:58,920 - DEBUG - Index: 158, Recent High: 25025.2, Recent Low: 25014.9, Volume: 462451, Volume_MA: 556700.6428571428
2025-02-06 15:27:58,921 - DEBUG - Index: 159, Recent High: 25024.75, Recent Low: 25014.9, Volume: 412600, Volume_MA: 552306.8571428572
2025-02-06 15:27:58,921 - DEBUG - Index: 160, Recent High: 25024.75, Recent Low: 25016.1, Volume: 679200, Volume_MA: 574206.9285714285
2025-02-06 15:27:58,922 - DEBUG - Index: 161, Recent High: 25029.3, Recent Low: 25017.9, Volume: 476323, Volume_MA: 579850.0
2025-02-06 15:27:58,922 - DEBUG - Index: 162, Recent High: 25031.2, Recent Low: 25018.15, Volume: 404423, Volume_MA: 563196.5714285715
2025-02-06 15:27:58,923 - DEBUG - Index: 163, Recent High: 25033.25, Recent Low: 25018.15, Volume: 344015, Volume_MA: 552637.2142857143
2025-02-06 15:27:58,923 - DEBUG - Index: 164, Recent High: 25033.25, Recent Low: 25022.6, Volume: 320088, Volume_MA: 521423.71428571426
2025-02-06 15:27:58,924 - DEBUG - Index: 165, Recent High: 25036.55, Recent Low: 25022.6, Volume: 360533, Volume_MA: 508750.28571428574
2025-02-06 15:27:58,924 - DEBUG - Index: 166, Recent High: 25037.3, Recent Low: 25022.6, Volume: 630472, Volume_MA: 528803.6428571428
2025-02-06 15:27:58,925 - DEBUG - Index: 167, Recent High: 25037.3, Recent Low: 25025.7, Volume: 496485, Volume_MA: 493965.5714285714
2025-02-06 15:27:58,925 - DEBUG - Index: 168, Recent High: 25037.3, Recent Low: 25024.35, Volume: 287229, Volume_MA: 482380.35714285716
2025-02-06 15:27:58,926 - DEBUG - Index: 169, Recent High: 25033.55, Recent Low: 25024.35, Volume: 430742, Volume_MA: 479361.5714285714
2025-02-06 15:27:58,926 - DEBUG - Index: 170, Recent High: 25031.5, Recent Low: 25024.35, Volume: 505370, Volume_MA: 458661.21428571426
2025-02-06 15:27:58,927 - DEBUG - Index: 171, Recent High: 25031.65, Recent Low: 25023.55, Volume: 446258, Volume_MA: 446870.64285714284
2025-02-06 15:27:58,927 - DEBUG - Index: 172, Recent High: 25041.65, Recent Low: 25023.55, Volume: 359703, Volume_MA: 439531.5
2025-02-06 15:27:58,928 - DEBUG - Index: 173, Recent High: 25047.65, Recent Low: 25023.55, Volume: 401585, Volume_MA: 438744.71428571426
2025-02-06 15:27:58,928 - DEBUG - Index: 174, Recent High: 25047.65, Recent Low: 25030.1, Volume: 291992, Volume_MA: 411087.0
2025-02-06 15:27:58,928 - DEBUG - Index: 175, Recent High: 25047.65, Recent Low: 25035.2, Volume: 465124, Volume_MA: 410287.0714285714
2025-02-06 15:27:58,929 - DEBUG - Index: 176, Recent High: 25044.35, Recent Low: 25034.5, Volume: 457048, Volume_MA: 414046.0
2025-02-06 15:27:58,930 - DEBUG - Index: 177, Recent High: 25044.35, Recent Low: 25034.5, Volume: 358149, Volume_MA: 415055.5714285714
2025-02-06 15:27:58,930 - DEBUG - Index: 178, Recent High: 25044.35, Recent Low: 25034.5, Volume: 312764, Volume_MA: 414532.4285714286
2025-02-06 15:27:58,931 - DEBUG - Index: 179, Recent High: 25045.95, Recent Low: 25036.15, Volume: 337349, Volume_MA: 412876.4285714286
2025-02-06 15:27:58,931 - DEBUG - Index: 180, Recent High: 25052.65, Recent Low: 25036.15, Volume: 381390, Volume_MA: 395084.85714285716
2025-02-06 15:27:58,932 - DEBUG - Index: 181, Recent High: 25054.8, Recent Low: 25038.9, Volume: 373396, Volume_MA: 386292.78571428574
2025-02-06 15:27:58,932 - DEBUG - Index: 182, Recent High: 25054.8, Recent Low: 25042.4, Volume: 473788, Volume_MA: 399618.4285714286
2025-02-06 15:27:58,933 - DEBUG - Index: 183, Recent High: 25054.8, Recent Low: 25041.4, Volume: 1266093, Volume_MA: 459286.35714285716
2025-02-06 15:27:58,933 - DEBUG - Index: 184, Recent High: 25051.95, Recent Low: 25040.75, Volume: 359471, Volume_MA: 448865.0
2025-02-06 15:27:58,934 - DEBUG - Index: 185, Recent High: 25055.4, Recent Low: 25040.75, Volume: 331102, Volume_MA: 440639.5714285714
2025-02-06 15:27:58,934 - DEBUG - Index: 186, Recent High: 25055.4, Recent Low: 25040.75, Volume: 289207, Volume_MA: 435604.14285714284
2025-02-06 15:27:58,935 - DEBUG - Index: 187, Recent High: 25057.55, Recent Low: 25046.45, Volume: 459227, Volume_MA: 439721.4285714286
2025-02-06 15:27:58,935 - DEBUG - Index: 188, Recent High: 25066.2, Recent Low: 25048.6, Volume: 504975, Volume_MA: 454934.5
2025-02-06 15:27:58,935 - DEBUG - Index: 189, Recent High: 25066.2, Recent Low: 25051.95, Volume: 484134, Volume_MA: 456292.35714285716
2025-02-06 15:27:58,936 - DEBUG - Index: 190, Recent High: 25066.2, Recent Low: 25055.45, Volume: 416804, Volume_MA: 453417.78571428574
2025-02-06 15:27:58,936 - DEBUG - Index: 191, Recent High: 25065.95, Recent Low: 25054.9, Volume: 372832, Volume_MA: 454466.5714285714
2025-02-06 15:27:58,937 - DEBUG - Index: 192, Recent High: 25065.95, Recent Low: 25054.3, Volume: 434301, Volume_MA: 463147.78571428574
2025-02-06 15:27:58,937 - DEBUG - Index: 193, Recent High: 25065.95, Recent Low: 25054.3, Volume: 504313, Volume_MA: 475073.78571428574
2025-02-06 15:27:58,938 - DEBUG - Index: 194, Recent High: 25065.1, Recent Low: 25054.3, Volume: 405221, Volume_MA: 476776.0
2025-02-06 15:27:58,938 - DEBUG - Index: 195, Recent High: 25072.2, Recent Low: 25060.05, Volume: 302218, Volume_MA: 471691.85714285716
2025-02-06 15:27:58,939 - DEBUG - Index: 196, Recent High: 25072.2, Recent Low: 25060.05, Volume: 377141, Volume_MA: 464788.5
2025-02-06 15:27:58,939 - DEBUG - Index: 197, Recent High: 25072.2, Recent Low: 25056.8, Volume: 472733, Volume_MA: 408119.9285714286
2025-02-06 15:27:58,940 - DEBUG - Index: 198, Recent High: 25071.0, Recent Low: 25053.3, Volume: 503086, Volume_MA: 418378.14285714284
2025-02-06 15:27:58,940 - DEBUG - Index: 199, Recent High: 25066.0, Recent Low: 25047.95, Volume: 436244, Volume_MA: 425888.28571428574
2025-02-06 15:27:58,941 - DEBUG - Index: 200, Recent High: 25058.05, Recent Low: 25047.95, Volume: 353972, Volume_MA: 430514.35714285716
2025-02-06 15:27:58,941 - DEBUG - Index: 201, Recent High: 25057.7, Recent Low: 25047.95, Volume: 477096, Volume_MA: 431790.71428571426
2025-02-06 15:27:58,942 - DEBUG - Index: 202, Recent High: 25056.8, Recent Low: 25042.85, Volume: 337788, Volume_MA: 419848.78571428574
2025-02-06 15:27:58,942 - DEBUG - Index: 203, Recent High: 25056.8, Recent Low: 25042.85, Volume: 300626, Volume_MA: 406741.0714285714
2025-02-06 15:27:58,943 - DEBUG - Index: 204, Recent High: 25060.0, Recent Low: 25042.85, Volume: 360230, Volume_MA: 402700.0714285714
2025-02-06 15:27:58,943 - DEBUG - Index: 205, Recent High: 25060.0, Recent Low: 25043.3, Volume: 469520, Volume_MA: 409606.35714285716
2025-02-06 15:27:58,943 - DEBUG - Index: 206, Recent High: 25060.0, Recent Low: 25036.1, Volume: 403443, Volume_MA: 407402.21428571426
2025-02-06 15:27:58,944 - DEBUG - Index: 207, Recent High: 25058.1, Recent Low: 25036.1, Volume: 298501, Volume_MA: 392701.35714285716
2025-02-06 15:27:58,944 - DEBUG - Index: 208, Recent High: 25048.9, Recent Low: 25036.1, Volume: 372118, Volume_MA: 390336.85714285716
2025-02-06 15:27:58,945 - DEBUG - Index: 209, Recent High: 25043.55, Recent Low: 25038.2, Volume: 1515612, Volume_MA: 477007.85714285716
2025-02-06 15:27:58,945 - DEBUG - Index: 210, Recent High: 25043.0, Recent Low: 25034.8, Volume: 739148, Volume_MA: 502865.5
2025-02-06 15:27:58,946 - DEBUG - Index: 211, Recent High: 25045.65, Recent Low: 25034.8, Volume: 370326, Volume_MA: 495550.71428571426
2025-02-06 15:27:58,947 - DEBUG - Index: 212, Recent High: 25045.65, Recent Low: 25034.8, Volume: 351678, Volume_MA: 484735.85714285716
2025-02-06 15:27:58,947 - DEBUG - Index: 213, Recent High: 25046.8, Recent Low: 25038.6, Volume: 473916, Volume_MA: 487426.71428571426
2025-02-06 15:27:58,948 - DEBUG - Index: 214, Recent High: 25049.05, Recent Low: 25038.6, Volume: 350857, Volume_MA: 487204.21428571426
2025-02-06 15:27:58,948 - DEBUG - Index: 215, Recent High: 25049.3, Recent Low: 25038.6, Volume: 783346, Volume_MA: 509079.21428571426
2025-02-06 15:27:58,949 - DEBUG - Index: 216, Recent High: 25049.3, Recent Low: 25041.65, Volume: 330123, Volume_MA: 508531.71428571426
2025-02-06 15:27:58,949 - DEBUG - Index: 217, Recent High: 25049.3, Recent Low: 25040.55, Volume: 394129, Volume_MA: 515210.5
2025-02-06 15:27:58,950 - DEBUG - Index: 218, Recent High: 25047.8, Recent Low: 25039.85, Volume: 436942, Volume_MA: 520689.9285714286
2025-02-06 15:27:58,950 - DEBUG - Index: 219, Recent High: 25045.25, Recent Low: 25039.85, Volume: 632938, Volume_MA: 532362.6428571428
2025-02-06 15:27:58,951 - DEBUG - Index: 220, Recent High: 25045.25, Recent Low: 25033.25, Volume: 639045, Volume_MA: 549191.3571428572
2025-02-06 15:27:58,951 - DEBUG - Index: 221, Recent High: 25045.25, Recent Low: 25033.25, Volume: 521926, Volume_MA: 565150.2857142857
2025-02-06 15:27:58,952 - DEBUG - Index: 222, Recent High: 25047.4, Recent Low: 25033.25, Volume: 419870, Volume_MA: 568561.1428571428
2025-02-06 15:27:58,952 - DEBUG - Index: 223, Recent High: 25048.35, Recent Low: 25035.0, Volume: 464813, Volume_MA: 493504.0714285714
2025-02-06 15:27:58,953 - DEBUG - Index: 224, Recent High: 25052.9, Recent Low: 25038.8, Volume: 512722, Volume_MA: 477330.78571428574
2025-02-06 15:27:58,953 - DEBUG - Index: 225, Recent High: 25053.3, Recent Low: 25043.95, Volume: 505383, Volume_MA: 486977.71428571426
2025-02-06 15:27:58,954 - DEBUG - Index: 226, Recent High: 25055.95, Recent Low: 25044.4, Volume: 538058, Volume_MA: 500290.5714285714
2025-02-06 15:27:58,954 - DEBUG - Index: 227, Recent High: 25055.95, Recent Low: 25047.75, Volume: 449139, Volume_MA: 498520.78571428574
2025-02-06 15:27:58,955 - DEBUG - Index: 228, Recent High: 25059.0, Recent Low: 25049.1, Volume: 415933, Volume_MA: 503169.0714285714
2025-02-06 15:27:58,955 - DEBUG - Index: 229, Recent High: 25062.8, Recent Low: 25050.65, Volume: 482395, Volume_MA: 481672.5714285714
2025-02-06 15:27:58,956 - DEBUG - Index: 230, Recent High: 25063.85, Recent Low: 25050.65, Volume: 642906, Volume_MA: 504014.21428571426
2025-02-06 15:27:58,956 - DEBUG - Index: 231, Recent High: 25063.85, Recent Low: 25055.95, Volume: 615277, Volume_MA: 519810.5
2025-02-06 15:27:58,957 - DEBUG - Index: 232, Recent High: 25063.85, Recent Low: 25051.2, Volume: 836204, Volume_MA: 548329.2142857143
2025-02-06 15:27:58,957 - DEBUG - Index: 233, Recent High: 25061.85, Recent Low: 25049.65, Volume: 538000, Volume_MA: 541547.9285714285
2025-02-06 15:27:58,958 - DEBUG - Index: 234, Recent High: 25057.75, Recent Low: 25049.0, Volume: 552104, Volume_MA: 535337.8571428572
2025-02-06 15:27:58,958 - DEBUG - Index: 235, Recent High: 25055.45, Recent Low: 25048.65, Volume: 531387, Volume_MA: 536013.6428571428
2025-02-06 15:27:58,959 - DEBUG - Index: 236, Recent High: 25061.6, Recent Low: 25048.65, Volume: 591580, Volume_MA: 548278.6428571428
2025-02-06 15:27:58,959 - DEBUG - Index: 237, Recent High: 25063.55, Recent Low: 25048.65, Volume: 585617, Volume_MA: 556907.5
2025-02-06 15:27:58,960 - DEBUG - Index: 238, Recent High: 25065.8, Recent Low: 25052.35, Volume: 750776, Volume_MA: 573911.3571428572
2025-02-06 15:27:58,960 - DEBUG - Index: 239, Recent High: 25069.7, Recent Low: 25057.9, Volume: 524664, Volume_MA: 575288.5714285715
2025-02-06 15:27:58,961 - DEBUG - Index: 240, Recent High: 25069.7, Recent Low: 25060.1, Volume: 480402, Volume_MA: 571170.2857142857
2025-02-06 15:27:58,961 - DEBUG - Index: 241, Recent High: 25069.7, Recent Low: 25060.45, Volume: 419388, Volume_MA: 569045.2142857143
2025-02-06 15:27:58,962 - DEBUG - Index: 242, Recent High: 25066.6, Recent Low: 25057.15, Volume: 437719, Volume_MA: 570601.3571428572
2025-02-06 15:27:58,962 - DEBUG - Index: 243, Recent High: 25066.6, Recent Low: 25055.95, Volume: 496419, Volume_MA: 571603.0714285715
2025-02-06 15:27:58,963 - DEBUG - Index: 244, Recent High: 25062.55, Recent Low: 25049.6, Volume: 610051, Volume_MA: 569256.2857142857
2025-02-06 15:27:58,964 - DEBUG - Index: 245, Recent High: 25061.8, Recent Low: 25043.75, Volume: 662559, Volume_MA: 572633.5714285715
2025-02-06 15:27:58,964 - DEBUG - Index: 246, Recent High: 25058.8, Recent Low: 25033.35, Volume: 665829, Volume_MA: 560463.9285714285
2025-02-06 15:27:58,965 - DEBUG - Index: 247, Recent High: 25058.8, Recent Low: 25031.8, Volume: 550304, Volume_MA: 561342.7857142857
2025-02-06 15:27:58,965 - DEBUG - Index: 248, Recent High: 25044.35, Recent Low: 25031.8, Volume: 516304, Volume_MA: 558785.6428571428
2025-02-06 15:27:58,966 - DEBUG - Index: 249, Recent High: 25042.65, Recent Low: 25031.8, Volume: 542906, Volume_MA: 559608.4285714285
2025-02-06 15:27:58,966 - DEBUG - Index: 250, Recent High: 25044.45, Recent Low: 25034.65, Volume: 808634, Volume_MA: 575112.2857142857
2025-02-06 15:27:58,967 - DEBUG - Index: 251, Recent High: 25044.45, Recent Low: 25027.95, Volume: 1055130, Volume_MA: 608648.9285714285
2025-02-06 15:27:58,967 - DEBUG - Index: 252, Recent High: 25044.45, Recent Low: 25024.45, Volume: 596046, Volume_MA: 597596.7857142857
2025-02-06 15:27:58,968 - DEBUG - Index: 253, Recent High: 25040.85, Recent Low: 25024.45, Volume: 551168, Volume_MA: 599489.9285714285
2025-02-06 15:27:58,968 - DEBUG - Index: 254, Recent High: 25041.9, Recent Low: 25024.45, Volume: 549134, Volume_MA: 604399.3571428572
2025-02-06 15:27:58,969 - DEBUG - Index: 255, Recent High: 25047.8, Recent Low: 25030.85, Volume: 606309, Volume_MA: 617750.8571428572
2025-02-06 15:27:58,969 - DEBUG - Index: 256, Recent High: 25050.45, Recent Low: 25034.55, Volume: 499784, Volume_MA: 622184.0714285715
2025-02-06 15:27:58,970 - DEBUG - Index: 257, Recent High: 25050.45, Recent Low: 25039.6, Volume: 665377, Volume_MA: 634252.5
2025-02-06 15:27:58,970 - DEBUG - Index: 258, Recent High: 25050.45, Recent Low: 25039.6, Volume: 592710, Volume_MA: 633013.8571428572
2025-02-06 15:27:58,971 - DEBUG - Index: 259, Recent High: 25047.7, Recent Low: 25039.6, Volume: 707281, Volume_MA: 636208.2857142857
2025-02-06 15:27:58,971 - DEBUG - Index: 260, Recent High: 25047.7, Recent Low: 25040.95, Volume: 552797, Volume_MA: 628134.5714285715
2025-02-06 15:27:58,972 - DEBUG - Index: 261, Recent High: 25051.65, Recent Low: 25042.35, Volume: 576424, Volume_MA: 630000.2857142857
2025-02-06 15:27:58,973 - DEBUG - Index: 262, Recent High: 25051.65, Recent Low: 25042.55, Volume: 554013, Volume_MA: 632693.7857142857
2025-02-06 15:27:58,973 - DEBUG - Index: 263, Recent High: 25051.65, Recent Low: 25044.0, Volume: 463009, Volume_MA: 626986.8571428572
2025-02-06 15:27:58,974 - DEBUG - Index: 264, Recent High: 25051.55, Recent Low: 25040.55, Volume: 984533, Volume_MA: 639551.0714285715
2025-02-06 15:27:58,974 - DEBUG - Index: 265, Recent High: 25049.1, Recent Low: 25039.65, Volume: 761285, Volume_MA: 618562.1428571428
2025-02-06 15:27:58,975 - DEBUG - Index: 266, Recent High: 25049.1, Recent Low: 25037.9, Volume: 625843, Volume_MA: 620690.5
2025-02-06 15:27:58,975 - DEBUG - Index: 267, Recent High: 25048.5, Recent Low: 25026.85, Volume: 695155, Volume_MA: 630975.2857142857
2025-02-06 15:27:58,976 - DEBUG - Index: 268, Recent High: 25048.5, Recent Low: 25026.85, Volume: 2142905, Volume_MA: 744816.0714285715
2025-02-06 15:27:58,976 - DEBUG - Index: 269, Recent High: 25039.05, Recent Low: 25022.15, Volume: 2529101, Volume_MA: 882158.3571428572
2025-02-06 15:27:58,976 - INFO - Buy Signal: Time=2024-10-15T15:01:00+05:30, Price=25050.05, Volume=2529101
2025-02-06 15:27:58,977 - DEBUG - Index: 270, Recent High: 25050.5, Recent Low: 25022.15, Volume: 1699404, Volume_MA: 967845.5
2025-02-06 15:27:58,977 - DEBUG - Index: 271, Recent High: 25051.85, Recent Low: 25022.15, Volume: 1769410, Volume_MA: 1046705.0
2025-02-06 15:27:58,978 - DEBUG - Index: 272, Recent High: 25056.35, Recent Low: 25030.35, Volume: 1731222, Volume_MA: 1128027.2857142857
2025-02-06 15:27:58,978 - DEBUG - Index: 273, Recent High: 25057.05, Recent Low: 25039.3, Volume: 1652628, Volume_MA: 1195552.0714285714
2025-02-06 15:27:58,979 - DEBUG - Index: 274, Recent High: 25057.05, Recent Low: 25039.3, Volume: 1732867, Volume_MA: 1279842.7857142857
2025-02-06 15:27:58,980 - DEBUG - Index: 275, Recent High: 25057.05, Recent Low: 25042.3, Volume: 1635549, Volume_MA: 1355494.5714285714
2025-02-06 15:27:58,980 - DEBUG - Index: 276, Recent High: 25052.15, Recent Low: 25042.1, Volume: 1350564, Volume_MA: 1412391.0714285714
2025-02-06 15:27:58,981 - INFO - Sell Signal: Time=2024-10-15T15:08:00+05:30, Price=25050.85
2025-02-06 15:27:58,981 - DEBUG - Index: 277, Recent High: 25051.15, Recent Low: 25042.1, Volume: 1598978, Volume_MA: 1493531.7142857143
2025-02-06 15:27:58,982 - DEBUG - Index: 278, Recent High: 25057.65, Recent Low: 25042.1, Volume: 1692188, Volume_MA: 1544078.5
2025-02-06 15:27:58,982 - DEBUG - Index: 279, Recent High: 25060.85, Recent Low: 25048.15, Volume: 1898930, Volume_MA: 1625338.857142857
2025-02-06 15:27:58,983 - DEBUG - Index: 280, Recent High: 25065.0, Recent Low: 25050.25, Volume: 1938573, Volume_MA: 1719105.2857142857
2025-02-06 15:27:58,983 - DEBUG - Index: 281, Recent High: 25068.0, Recent Low: 25056.15, Volume: 1979934, Volume_MA: 1810875.2142857143
2025-02-06 15:27:58,983 - DEBUG - Index: 282, Recent High: 25068.0, Recent Low: 25056.15, Volume: 1898423, Volume_MA: 1793412.2142857143
2025-02-06 15:27:58,984 - DEBUG - Index: 283, Recent High: 25068.0, Recent Low: 25051.55, Volume: 2137627, Volume_MA: 1765449.7857142857
2025-02-06 15:27:58,984 - DEBUG - Index: 284, Recent High: 25065.9, Recent Low: 25050.65, Volume: 1972001, Volume_MA: 1784921.0
2025-02-06 15:27:58,985 - DEBUG - Index: 285, Recent High: 25060.1, Recent Low: 25050.65, Volume: 2398929, Volume_MA: 1829886.642857143
2025-02-06 15:27:58,985 - DEBUG - Index: 286, Recent High: 25060.55, Recent Low: 25050.65, Volume: 2591787, Volume_MA: 1891355.5714285714
2025-02-06 15:27:58,986 - DEBUG - Index: 287, Recent High: 25060.55, Recent Low: 25051.1, Volume: 1793091, Volume_MA: 1901388.642857143
2025-02-06 15:27:58,986 - DEBUG - Index: 288, Recent High: 25060.55, Recent Low: 25052.7, Volume: 2850349, Volume_MA: 1981208.7857142857
2025-02-06 15:27:58,987 - DEBUG - Index: 289, Recent High: 25060.75, Recent Low: 25052.7, Volume: 1563410, Volume_MA: 1976056.0
2025-02-06 15:27:58,987 - DEBUG - Index: 290, Recent High: 25069.0, Recent Low: 25052.7, Volume: 1695171, Volume_MA: 2000670.7857142857
2025-02-06 15:27:58,988 - DEBUG - Index: 291, Recent High: 25073.5, Recent Low: 25055.1, Volume: 1498763, Volume_MA: 1993512.5714285714
2025-02-06 15:27:58,988 - DEBUG - Index: 292, Recent High: 25076.15, Recent Low: 25060.4, Volume: 2086248, Volume_MA: 2021659.7142857143
2025-02-06 15:27:58,989 - DEBUG - Index: 293, Recent High: 25077.0, Recent Low: 25065.85, Volume: 1676597, Volume_MA: 2005778.7857142857
2025-02-06 15:27:58,989 - DEBUG - Index: 294, Recent High: 25077.0, Recent Low: 25073.25, Volume: 2022664, Volume_MA: 2011785.2857142857
2025-02-06 15:27:58,990 - DEBUG - Index: 295, Recent High: 25077.0, Recent Low: 25073.15, Volume: 1922365, Volume_MA: 2007673.2142857143
2025-02-06 15:27:58,991 - DEBUG - Index: 296, Recent High: 25079.1, Recent Low: 25073.15, Volume: 1580477, Volume_MA: 1984962.7857142857
2025-02-06 15:27:58,991 - DEBUG - Index: 297, Recent High: 25079.1, Recent Low: 25064.8, Volume: 1104236, Volume_MA: 1911149.142857143
2025-02-06 15:27:58,991 - DEBUG - Index: 298, Recent High: 25079.1, Recent Low: 25059.55, Volume: 20329, Volume_MA: 1771744.0
2025-02-06 15:27:58,992 - DEBUG - Index: 299, Recent High: 25074.6, Recent Low: 25059.55, Volume: 0, Volume_MA: 1600391.9285714286
2025-02-06 15:27:58,992 - INFO - Trading strategy completed. Total Profit: 3.65
2025-02-06 15:27:58,992 - INFO - Number of Trades: 3
