2024-11-17 19:16:05,000 - Entering Short position at 25076.00, Stop Loss: 25326.76, Target: 24574.48
2024-11-17 19:16:05,000 - Exiting Short at 25067.95, Reason: Trend Reversal, Profit: 8.05, New Balance: 10008.05
2024-11-17 19:16:05,000 - Entering Short position at 25053.45, Stop Loss: 25303.98, Target: 24552.38
2024-11-17 19:16:05,000 - Exiting Short at 25057.50, Reason: Trend Reversal, Profit: -4.05, New Balance: 10004.00
2024-11-17 19:16:05,000 - Entering Short position at 25049.60, Stop Loss: 25300.10, Target: 24548.61
2024-11-17 19:16:05,000 - Exiting Short at 25051.45, Reason: Trend Reversal, Profit: -1.85, New Balance: 10002.15
2024-11-17 19:16:05,015 - Entering Short position at 25071.40, Stop Loss: 25322.11, Target: 24569.97
2024-11-17 19:16:05,015 - Exiting Short at 25068.10, Reason: Trend Reversal, Profit: 3.30, New Balance: 10005.45
2024-11-17 19:16:05,015 - Entering Short position at 25064.05, Stop Loss: 25314.69, Target: 24562.77
2024-11-17 19:16:05,015 - Exiting Short at 25069.85, Reason: Trend Reversal, Profit: -5.80, New Balance: 9999.65
2024-11-17 19:16:05,015 - Entering Short position at 25066.10, Stop Loss: 25316.76, Target: 24564.78
2024-11-17 19:16:05,015 - Exiting Short at 25031.85, Reason: Trend Reversal, Profit: 34.25, New Balance: 10033.90
2024-11-17 19:16:05,015 - Entering Short position at 25052.60, Stop Loss: 25303.13, Target: 24551.55
2024-11-17 19:16:05,015 - Exiting Short at 25043.35, Reason: Trend Reversal, Profit: 9.25, New Balance: 10043.15
2024-11-17 19:16:05,015 - Entering Short position at 25035.90, Stop Loss: 25286.26, Target: 24535.18
2024-11-17 19:16:05,015 - Exiting Short at 25051.90, Reason: Trend Reversal, Profit: -16.00, New Balance: 10027.15
2024-11-17 19:16:05,031 - Entering Short position at 25043.75, Stop Loss: 25294.19, Target: 24542.88
2024-11-17 19:16:05,031 - Exiting Short at 25044.00, Reason: Trend Reversal, Profit: -0.25, New Balance: 10026.90
2024-11-17 19:16:05,031 - Entering Short position at 25028.95, Stop Loss: 25279.24, Target: 24528.37
2024-11-17 19:16:05,031 - Exiting Short at 25050.20, Reason: Trend Reversal, Profit: -21.25, New Balance: 10005.65
2024-11-17 19:16:05,031 - Entering Short position at 25057.35, Stop Loss: 25307.92, Target: 24556.20
2024-11-17 19:16:05,031 - 
Strategy Summary:
2024-11-17 19:16:05,031 - Total Trades: 10
2024-11-17 19:16:05,031 - Profitable Trades: 4
2024-11-17 19:16:05,031 - Loss-Making Trades: 6
2024-11-17 19:16:05,031 - Total Profit/Loss: 5.65
2024-11-17 19:16:05,031 - Win Rate: 40.00
2024-11-17 19:16:05,031 - Final Balance: 10005.65
2024-11-17 19:16:05,031 - Return: 0.06
