[2016-03-31 00:00:00] LONG ENTRY
Price: 7738.40
Current Balance: 10000.00
--------------------------------------------------
[2016-04-05 00:00:00] LONG EXIT
Price: 7603.20
Reason: Stop Loss
Profit/Loss: -135.20
New Balance: 9864.80
--------------------------------------------------
[2016-08-12 00:00:00] LONG ENTRY
Price: 8672.15
Current Balance: 9864.80
--------------------------------------------------
[2016-08-26 00:00:00] LONG EXIT
Price: 8572.55
Reason: Stop Loss
Profit/Loss: -99.60
New Balance: 9765.20
--------------------------------------------------
[2017-05-04 00:00:00] LONG ENTRY
Price: 9359.90
Current Balance: 9765.20
--------------------------------------------------
[2017-05-26 00:00:00] LONG EXIT
Price: 9595.10
Reason: Target Reached
Profit/Loss: 235.20
New Balance: 10000.40
--------------------------------------------------
[2019-10-01 00:00:00] LONG ENTRY
Price: 11359.90
Current Balance: 10000.40
--------------------------------------------------
[2019-10-04 00:00:00] LONG EXIT
Price: 11174.75
Reason: Stop Loss
Profit/Loss: -185.15
New Balance: 9815.25
--------------------------------------------------
[2019-11-26 00:00:00] LONG ENTRY
Price: 12037.70
Current Balance: 9815.25
--------------------------------------------------
[2019-12-10 00:00:00] LONG EXIT
Price: 11856.80
Reason: Stop Loss
Profit/Loss: -180.90
New Balance: 9634.35
--------------------------------------------------
[2020-11-27 00:00:00] LONG ENTRY
Price: 12968.95
Current Balance: 9634.35
--------------------------------------------------
[2020-12-04 00:00:00] LONG EXIT
Price: 13258.55
Reason: Target Reached
Profit/Loss: 289.60
New Balance: 9923.95
--------------------------------------------------
[2021-09-29 00:00:00] LONG ENTRY
Price: 17711.30
Current Balance: 9923.95
--------------------------------------------------
[2021-10-01 00:00:00] LONG EXIT
Price: 17532.05
Reason: Stop Loss
Profit/Loss: -179.25
New Balance: 9744.70
--------------------------------------------------
[2023-05-31 00:00:00] LONG ENTRY
Price: 18534.40
Current Balance: 9744.70
--------------------------------------------------
[2023-06-28 00:00:00] LONG EXIT
Price: 18972.10
Reason: Target Reached
Profit/Loss: 437.70
New Balance: 10182.40
--------------------------------------------------
[2024-05-31 00:00:00] LONG ENTRY
Price: 22530.70
Current Balance: 10182.40
--------------------------------------------------
[2024-06-03 00:00:00] LONG EXIT
Price: 23263.90
Reason: Target Reached
Profit/Loss: 733.20
New Balance: 10915.60
--------------------------------------------------
[2024-06-05 00:00:00] LONG ENTRY
Price: 22620.35
Current Balance: 10915.60
--------------------------------------------------
[2024-06-07 00:00:00] LONG EXIT
Price: 23290.15
Reason: Target Reached
Profit/Loss: 669.80
New Balance: 11585.40
--------------------------------------------------

FINAL TRADING SUMMARY
==================================================
Total Trades: 10
Profitable Trades: 5
Win Rate: 50.00%
Total Profit/Loss: 1585.40
Return on Investment: 15.85%
Final Balance: 11585.40
==================================================
