2025-01-15 18:47:57,101 - INFO - Starting Momentum Strategy with initial balance: Rs.100,000.00
2025-01-15 18:47:57,110 - INFO - Calculating technical indicators...
2025-01-15 18:47:57,117 - INFO - Technical indicators calculated successfully.
2025-01-15 18:47:57,156 - INFO - 
                Entry:
                Time: 2025-01-15 04:29:00
                Position: SHORT
                Price: 25041.57
                Stop Loss: 25042.35
                Take Profit: 25040.01
                
2025-01-15 18:47:57,156 - INFO - 
                Exit:
                Time: 2025-01-15 04:31:00
                Position: SHORT
                Exit Price: 25043.18
                Profit/Loss: Rs.-1.61
                Reason: Stop Loss
                New Balance: Rs.99998.39
                
2025-01-15 18:47:57,160 - INFO - 
    Final Results:
    Initial Balance: Rs.100,000.00
    Final Balance: Rs.99,998.39
    Total Profit/Loss: Rs.-1.61
    Return: -0.00%
    Total Trades: 1
    Win Rate: 0.00%
    Max Drawdown: Rs.1.61
    
