2025-01-15 18:42:17,722 - INFO - Market data loaded from ./NSE_NIFTY_Intraday.csv
2025-01-15 18:42:18,163 - INFO - Short Entry - Price: 25046.10, Size: 0.00, Balance: 10000.00, Reason: RSI overbought or MACD crossunder
2025-01-15 18:42:18,164 - INFO - Short Exit - Price: 25048.75, PnL: 0.10, Balance: 10000.10, Reason: Theta Decay
2025-01-15 18:42:18,168 - INFO - Short Entry - Price: 25056.15, Size: 0.00, Balance: 10000.10, Reason: RSI overbought or MACD crossunder
2025-01-15 18:42:18,169 - INFO - Short Exit - Price: 25052.40, PnL: -0.13, Balance: 9999.96, Reason: Theta Decay
2025-01-15 18:42:18,173 - INFO - Short Entry - Price: 25052.10, Size: 0.00, Balance: 9999.96, Reason: RSI overbought or MACD crossunder
2025-01-15 18:42:18,174 - INFO - Short Exit - Price: 25054.35, PnL: 0.09, Balance: 10000.05, Reason: Theta Decay
2025-01-15 18:42:18,175 - INFO - Short Entry - Price: 25049.60, Size: 0.00, Balance: 10000.05, Reason: RSI overbought or MACD crossunder
2025-01-15 18:42:18,176 - INFO - Short Exit - Price: 25041.15, PnL: -0.32, Balance: 9999.73, Reason: Theta Decay
2025-01-15 18:42:18,177 - INFO - Short Entry - Price: 25043.65, Size: 0.00, Balance: 9999.73, Reason: RSI overbought or MACD crossunder
2025-01-15 18:42:18,178 - INFO - Short Exit - Price: 25046.35, PnL: 0.10, Balance: 9999.83, Reason: Theta Decay
2025-01-15 18:42:18,179 - INFO - Short Entry - Price: 25048.25, Size: 0.00, Balance: 9999.83, Reason: RSI overbought or MACD crossunder
2025-01-15 18:42:18,180 - INFO - Short Exit - Price: 25053.25, PnL: 0.18, Balance: 10000.01, Reason: Theta Decay
2025-01-15 18:42:18,182 - INFO - Short Entry - Price: 25068.80, Size: 0.00, Balance: 10000.01, Reason: RSI overbought or MACD crossunder
2025-01-15 18:42:18,182 - INFO - Short Exit - Price: 25068.55, PnL: -0.01, Balance: 10000.01, Reason: Theta Decay
2025-01-15 18:42:18,191 - INFO - Short Entry - Price: 25058.10, Size: 0.00, Balance: 10000.01, Reason: RSI overbought or MACD crossunder
2025-01-15 18:42:18,192 - INFO - Short Exit - Price: 25061.05, PnL: 0.11, Balance: 10000.12, Reason: Theta Decay
2025-01-15 18:42:18,192 - INFO - Short Entry - Price: 25060.25, Size: 0.00, Balance: 10000.12, Reason: RSI overbought or MACD crossunder
2025-01-15 18:42:18,193 - INFO - Short Exit - Price: 25061.85, PnL: 0.06, Balance: 10000.18, Reason: Theta Decay
2025-01-15 18:42:18,198 - INFO - Short Entry - Price: 25056.60, Size: 0.00, Balance: 10000.18, Reason: RSI overbought or MACD crossunder
2025-01-15 18:42:18,198 - INFO - Short Exit - Price: 25059.60, PnL: 0.11, Balance: 10000.30, Reason: Theta Decay
2025-01-15 18:42:18,199 - INFO - Short Entry - Price: 25046.70, Size: 0.00, Balance: 10000.30, Reason: RSI overbought or MACD crossunder
2025-01-15 18:42:18,199 - INFO - Short Exit - Price: 25052.05, PnL: 0.20, Balance: 10000.49, Reason: Theta Decay
2025-01-15 18:42:18,200 - INFO - Short Entry - Price: 25028.95, Size: 0.00, Balance: 10000.49, Reason: RSI overbought or MACD crossunder
2025-01-15 18:42:18,200 - INFO - Short Exit - Price: 25031.80, PnL: 0.10, Balance: 10000.59, Reason: Theta Decay
2025-01-15 18:42:18,201 - INFO - Short Entry - Price: 25012.60, Size: 0.00, Balance: 10000.59, Reason: RSI overbought or MACD crossunder
2025-01-15 18:42:18,201 - INFO - Short Exit - Price: 25024.35, PnL: 0.40, Balance: 10000.99, Reason: Theta Decay
2025-01-15 18:42:18,202 - INFO - Short Entry - Price: 25018.50, Size: 0.01, Balance: 10000.99, Reason: RSI overbought or MACD crossunder
2025-01-15 18:42:18,202 - INFO - Short Exit - Price: 25019.45, PnL: 0.03, Balance: 10001.02, Reason: Theta Decay
2025-01-15 18:42:18,203 - INFO - Short Entry - Price: 25028.40, Size: 0.01, Balance: 10001.02, Reason: RSI overbought or MACD crossunder
2025-01-15 18:42:18,203 - INFO - Short Exit - Price: 25030.00, PnL: 0.05, Balance: 10001.06, Reason: Theta Decay
2025-01-15 18:42:18,204 - INFO - Short Entry - Price: 25025.95, Size: 0.01, Balance: 10001.06, Reason: RSI overbought or MACD crossunder
2025-01-15 18:42:18,204 - INFO - Short Exit - Price: 25026.30, PnL: 0.01, Balance: 10001.07, Reason: Theta Decay
2025-01-15 18:42:18,212 - INFO - Short Entry - Price: 25055.70, Size: 0.00, Balance: 10001.07, Reason: RSI overbought or MACD crossunder
2025-01-15 18:42:18,212 - INFO - Short Exit - Price: 25050.35, PnL: -0.20, Balance: 10000.88, Reason: Theta Decay
2025-01-15 18:42:18,213 - INFO - Short Entry - Price: 25043.90, Size: 0.00, Balance: 10000.88, Reason: RSI overbought or MACD crossunder
2025-01-15 18:42:18,213 - INFO - Short Exit - Price: 25051.85, PnL: 0.31, Balance: 10001.19, Reason: Theta Decay
2025-01-15 18:42:18,214 - INFO - Short Entry - Price: 25039.30, Size: 0.00, Balance: 10001.19, Reason: RSI overbought or MACD crossunder
2025-01-15 18:42:18,215 - INFO - Short Exit - Price: 25042.45, PnL: 0.11, Balance: 10001.31, Reason: Theta Decay
2025-01-15 18:42:18,215 - INFO - Short Entry - Price: 25041.35, Size: 0.00, Balance: 10001.31, Reason: RSI overbought or MACD crossunder
2025-01-15 18:42:18,216 - INFO - Short Exit - Price: 25042.20, PnL: 0.03, Balance: 10001.34, Reason: Theta Decay
2025-01-15 18:42:18,216 - INFO - Short Entry - Price: 25046.65, Size: 0.00, Balance: 10001.34, Reason: RSI overbought or MACD crossunder
2025-01-15 18:42:18,217 - INFO - Short Exit - Price: 25047.25, PnL: 0.02, Balance: 10001.36, Reason: Theta Decay
2025-01-15 18:42:18,217 - INFO - Short Entry - Price: 25043.35, Size: 0.00, Balance: 10001.36, Reason: RSI overbought or MACD crossunder
2025-01-15 18:42:18,217 - INFO - Short Exit - Price: 25042.35, PnL: -0.04, Balance: 10001.32, Reason: Theta Decay
2025-01-15 18:42:18,225 - INFO - Short Entry - Price: 25043.75, Size: 0.00, Balance: 10001.32, Reason: RSI overbought or MACD crossunder
2025-01-15 18:42:18,225 - INFO - Short Exit - Price: 25035.00, PnL: -0.35, Balance: 10000.97, Reason: Theta Decay
2025-01-15 18:42:18,225 - INFO - Short Entry - Price: 25034.20, Size: 0.00, Balance: 10000.97, Reason: RSI overbought or MACD crossunder
2025-01-15 18:42:18,226 - INFO - Short Exit - Price: 25042.00, PnL: 0.31, Balance: 10001.28, Reason: Theta Decay
2025-01-15 18:42:18,227 - INFO - Short Entry - Price: 25029.85, Size: 0.00, Balance: 10001.28, Reason: RSI overbought or MACD crossunder
2025-01-15 18:42:18,227 - INFO - Short Exit - Price: 25031.50, PnL: 0.06, Balance: 10001.34, Reason: Theta Decay
2025-01-15 18:42:18,227 - INFO - Short Entry - Price: 25035.95, Size: 0.00, Balance: 10001.34, Reason: RSI overbought or MACD crossunder
2025-01-15 18:42:18,228 - INFO - Short Exit - Price: 25041.50, PnL: 0.20, Balance: 10001.55, Reason: Theta Decay
2025-01-15 18:42:18,228 - INFO - Short Entry - Price: 25041.15, Size: 0.00, Balance: 10001.55, Reason: RSI overbought or MACD crossunder
2025-01-15 18:42:18,229 - INFO - Short Exit - Price: 25044.00, PnL: 0.11, Balance: 10001.66, Reason: Theta Decay
2025-01-15 18:42:18,229 - INFO - Short Entry - Price: 25041.95, Size: 0.00, Balance: 10001.66, Reason: RSI overbought or MACD crossunder
2025-01-15 18:42:18,229 - INFO - Short Exit - Price: 25042.50, PnL: 0.02, Balance: 10001.68, Reason: Theta Decay
2025-01-15 18:42:18,229 - INFO - Short Entry - Price: 25046.00, Size: 0.00, Balance: 10001.68, Reason: RSI overbought or MACD crossunder
2025-01-15 18:42:18,230 - INFO - Short Exit - Price: 25050.10, PnL: 0.15, Balance: 10001.83, Reason: Theta Decay
2025-01-15 18:42:18,231 - INFO - Short Entry - Price: 25047.05, Size: 0.00, Balance: 10001.83, Reason: RSI overbought or MACD crossunder
2025-01-15 18:42:18,231 - INFO - Short Exit - Price: 25038.00, PnL: -0.33, Balance: 10001.49, Reason: Theta Decay
2025-01-15 18:42:18,232 - INFO - Short Entry - Price: 25030.30, Size: 0.00, Balance: 10001.49, Reason: RSI overbought or MACD crossunder
2025-01-15 18:42:18,232 - INFO - Short Exit - Price: 25031.40, PnL: 0.04, Balance: 10001.54, Reason: Theta Decay
2025-01-15 18:42:18,233 - INFO - Short Entry - Price: 25050.05, Size: 0.00, Balance: 10001.54, Reason: RSI overbought or MACD crossunder
2025-01-15 18:42:18,233 - INFO - Short Exit - Price: 25044.05, PnL: -0.21, Balance: 10001.33, Reason: Theta Decay
2025-01-15 18:42:18,233 - INFO - Short Entry - Price: 25056.20, Size: 0.00, Balance: 10001.33, Reason: RSI overbought or MACD crossunder
2025-01-15 18:42:18,234 - INFO - Short Exit - Price: 25050.20, PnL: -0.19, Balance: 10001.14, Reason: Theta Decay
2025-01-15 18:42:18,234 - INFO - Short Entry - Price: 25043.70, Size: 0.00, Balance: 10001.14, Reason: RSI overbought or MACD crossunder
2025-01-15 18:42:18,235 - INFO - Short Exit - Price: 25043.95, PnL: 0.01, Balance: 10001.15, Reason: Theta Decay
2025-01-15 18:42:18,235 - INFO - Short Entry - Price: 25048.40, Size: 0.00, Balance: 10001.15, Reason: RSI overbought or MACD crossunder
2025-01-15 18:42:18,235 - INFO - Short Exit - Price: 25050.85, PnL: 0.08, Balance: 10001.23, Reason: Theta Decay
2025-01-15 18:42:18,235 - INFO - Short Entry - Price: 25057.65, Size: 0.00, Balance: 10001.23, Reason: RSI overbought or MACD crossunder
2025-01-15 18:42:18,236 - INFO - Short Exit - Price: 25057.45, PnL: -0.01, Balance: 10001.22, Reason: Theta Decay
2025-01-15 18:42:18,236 - INFO - Short Entry - Price: 25064.30, Size: 0.00, Balance: 10001.22, Reason: RSI overbought or MACD crossunder
2025-01-15 18:42:18,236 - INFO - Short Exit - Price: 25061.95, PnL: -0.08, Balance: 10001.14, Reason: Theta Decay
2025-01-15 18:42:18,237 - INFO - Short Entry - Price: 25056.60, Size: 0.00, Balance: 10001.14, Reason: RSI overbought or MACD crossunder
2025-01-15 18:42:18,237 - INFO - Short Exit - Price: 25052.65, PnL: -0.12, Balance: 10001.01, Reason: Theta Decay
2025-01-15 18:42:18,237 - INFO - Short Entry - Price: 25050.65, Size: 0.00, Balance: 10001.01, Reason: RSI overbought or MACD crossunder
2025-01-15 18:42:18,238 - INFO - Short Exit - Price: 25059.95, PnL: 0.32, Balance: 10001.33, Reason: Theta Decay
2025-01-15 18:42:18,238 - INFO - Short Entry - Price: 25057.15, Size: 0.00, Balance: 10001.33, Reason: RSI overbought or MACD crossunder
2025-01-15 18:42:18,239 - INFO - Short Exit - Price: 25054.00, PnL: -0.10, Balance: 10001.23, Reason: Theta Decay
2025-01-15 18:42:18,242 - INFO - Strategy results:
2025-01-15 18:42:18,242 - INFO - Initial Balance: Rs.10000.00
2025-01-15 18:42:18,242 - INFO - Final Balance: Rs.10001.23
2025-01-15 18:42:18,242 - INFO - Total Profit/Loss: Rs.1.23
2025-01-15 18:42:18,242 - INFO - Return: 0.01%
2025-01-15 18:42:18,242 - INFO - Total Trades: 40
2025-01-15 18:42:18,242 - INFO - Profitable Trades: 27
2025-01-15 18:42:18,242 - INFO - Win Rate: 67.50%
2025-01-15 18:42:18,242 - INFO - Max Drawdown: Rs.0.27
